This is pdfTeX, Version 3.14159265-2.6-1.40.20 (MiKTeX 2.9.7250 64-bit) (preloaded format=pdflatex 2020.1.6)  17 JAN 2020 22:06
entering extended mode
**./anexos.tex
(anexos.tex
LaTeX2e <2019-10-01> patch level 3
("C:\Users\felix\AppData\Local\Programs\MiKTeX 2.9\tex/latex/memoir\memoir.cls"
Document Class: memoir 2019/11/21 v3.7j configurable book, report, article docu
ment class
\onelineskip=\skip41
\lxvchars=\skip42
\xlvchars=\skip43
\@memcnta=\count80
\c@@memmarkcntra=\count81
LaTeX Info: Redefining \InputIfFileExists on input line 140.
("C:\Users\felix\AppData\Local\Programs\MiKTeX 2.9\tex/generic/iftex\iftex.sty"
Package: iftex 2019/11/07 v1.0c TeX engine tests
)
\stockheight=\skip44
\stockwidth=\skip45
\trimtop=\skip46
\trimedge=\skip47
 ("C:\Users\felix\AppData\Local\Programs\MiKTeX 2.9\tex/latex/memoir\mem12.clo"
File: mem12.clo 2010/10/19 v0.4b memoir class 12pt size option
)
\binding=\skip48
\spinemargin=\skip49
\foremargin=\skip50
\uppermargin=\skip51
\lowermargin=\skip52
\headdrop=\skip53
\normalrulethickness=\skip54
\mem@maxheadheight=\skip55
\mem@maxfootheight=\skip56
\headwidth=\skip57
\c@storedpagenumber=\count82
\memPD=\dimen102
\m@mabparskip=\skip58
\thanksmarkwidth=\skip59
\thanksmarksep=\skip60
\droptitle=\skip61
\c@book=\count83
\c@part=\count84
\c@chapter=\count85
\c@section=\count86
\c@subsection=\count87
\c@subsubsection=\count88
\c@paragraph=\count89
\c@subparagraph=\count90
\beforechapskip=\skip62
\midchapskip=\skip63
\afterchapskip=\skip64
\chapindent=\skip65
\bottomsectionskip=\skip66
\secindent=\skip67
\beforesecskip=\skip68
\aftersecskip=\skip69
\subsecindent=\skip70
\beforesubsecskip=\skip71
\aftersubsecskip=\skip72
\subsubsecindent=\skip73
\beforesubsubsecskip=\skip74
\aftersubsubsecskip=\skip75
\paraindent=\skip76
\beforeparaskip=\skip77
\afterparaskip=\skip78
\subparaindent=\skip79
\beforesubparaskip=\skip80
\aftersubparaskip=\skip81
\pfbreakskip=\skip82
\c@@ppsavesec=\count91
\c@@ppsaveapp=\count92
\ragrparindent=\dimen103
\everylistparindent=\dimen104
\parsepi=\skip83
\topsepi=\skip84
\itemsepi=\skip85
\parsepii=\skip86
\topsepii=\skip87
\topsepiii=\skip88
\itemsepii=\skip89
\itemsepiii=\skip90
\partopsepii=\skip91
\partopsepiii=\skip92
\m@msavetopsep=\skip93
\m@msavepartopsep=\skip94
\@enLab=\toks14
\abstitleskip=\skip95
\absleftindent=\skip96
\abs@leftindent=\dimen105
\absrightindent=\skip97
\absparindent=\skip98
\absparsep=\skip99
\c@vslineno=\count93
\c@poemline=\count94
\c@modulo@vs=\count95
\c@memfvsline=\count96
\vleftskip=\skip100
\vrightskip=\skip101
\stanzaskip=\skip102
\versewidth=\skip103
\vgap=\skip104
\vindent=\skip105
\vleftmargin=\dimen106
\c@verse=\count97
\c@chrsinstr=\count98
\beforepoemtitleskip=\skip106
\afterpoemtitleskip=\skip107
\c@poem=\count99
\beforePoemTitleskip=\skip108
\midPoemTitleskip=\skip109
\afterPoemTitleskip=\skip110
 ("C:\Users\felix\AppData\Local\Programs\MiKTeX 2.9\tex/latex/tools\array.sty"
Package: array 2019/08/31 v2.4l Tabular extension package (FMi)
\col@sep=\dimen107
\ar@mcellbox=\box27
\extrarowheight=\dimen108
\NC@list=\toks15
\extratabsurround=\skip111
\backup@length=\skip112
\ar@cellbox=\box28
)
("C:\Users\felix\AppData\Local\Programs\MiKTeX 2.9\tex/latex/tools\dcolumn.sty"
Package: dcolumn 2014/10/28 v1.06 decimal alignment package (DPC)
)
("C:\Users\felix\AppData\Local\Programs\MiKTeX 2.9\tex/latex/tools\delarray.sty
"
Package: delarray 2014/10/28 v1.01 array delimiter package (DPC)
)
("C:\Users\felix\AppData\Local\Programs\MiKTeX 2.9\tex/latex/tools\tabularx.sty
"
Package: tabularx 2016/02/03 v2.11b `tabularx' package (DPC)
\TX@col@width=\dimen109
\TX@old@table=\dimen110
\TX@old@col=\dimen111
\TX@target=\dimen112
\TX@delta=\dimen113
\TX@cols=\count100
\TX@ftn=\toks16
)
\heavyrulewidth=\dimen114
\lightrulewidth=\dimen115
\cmidrulewidth=\dimen116
\belowrulesep=\dimen117
\belowbottomsep=\dimen118
\aboverulesep=\dimen119
\abovetopsep=\dimen120
\cmidrulesep=\dimen121
\cmidrulekern=\dimen122
\defaultaddspace=\dimen123
\@cmidla=\count101
\@cmidlb=\count102
\@aboverulesep=\dimen124
\@belowrulesep=\dimen125
\@thisruleclass=\count103
\@lastruleclass=\count104
\@thisrulewidth=\dimen126
\ctableftskip=\skip113
\ctabrightskip=\skip114
\abovecolumnspenalty=\count105
\@linestogo=\count106
\@cellstogo=\count107
\@cellsincolumn=\count108
\crtok=\toks17
\@mincolumnwidth=\dimen127
\c@newflo@tctr=\count109
\mem@margin@floatbox=\box29
\@contcwidth=\skip115
\@contindw=\skip116
\abovecaptionskip=\skip117
\belowcaptionskip=\skip118
\subfloattopskip=\skip119
\subfloatcapskip=\skip120
\subfloatcaptopadj=\skip121
\subfloatbottomskip=\skip122
\subfloatlabelskip=\skip123
\subfloatcapmargin=\dimen128
\c@@contsubnum=\count110
\m@mscap@capbox=\box30
\m@mscap@fbox=\box31
\sidecapsep=\dimen129
\sidecapwidth=\dimen130
\m@m@tempdima=\dimen131
\m@mscapraise=\dimen132
\sidecapraise=\dimen133
\m@mscapmainwidth=\dimen134
\m@mscaplkern=\dimen135
\beforeepigraphskip=\skip124
\afterepigraphskip=\skip125
\epigraphwidth=\skip126
\epigraphrule=\skip127
LaTeX Info: Redefining \em on input line 7662.
LaTeX Info: Redefining \emph on input line 7670.
\tocentryskip=\skip128
\tocbaseline=\skip129
\cftparskip=\skip130
\cftbeforebookskip=\skip131
\cftbookindent=\dimen136
\cftbooknumwidth=\dimen137
\cftbeforepartskip=\skip132
\cftpartindent=\skip133
\cftpartnumwidth=\skip134
\cftbeforechapterskip=\skip135
\cftchapterindent=\skip136
\cftchapternumwidth=\skip137
\cftbeforesectionskip=\skip138
\cftsectionindent=\skip139
\cftsectionnumwidth=\skip140
\cftbeforesubsectionskip=\skip141
\cftsubsectionindent=\skip142
\cftsubsectionnumwidth=\skip143
\cftbeforesubsubsectionskip=\skip144
\cftsubsubsectionindent=\skip145
\cftsubsubsectionnumwidth=\skip146
\cftbeforeparagraphskip=\skip147
\cftparagraphindent=\skip148
\cftparagraphnumwidth=\skip149
\cftbeforesubparagraphskip=\skip150
\cftsubparagraphindent=\skip151
\cftsubparagraphnumwidth=\skip152
\prechapterprecisshift=\dimen138
\c@maxsecnumdepth=\count111
\bibindent=\dimen139
\bibitemsep=\skip153
\indexcolsep=\skip154
\indexrule=\skip155
\indexmarkstyle=\toks18
\@indexbox=\insert199
\glossarycolsep=\dimen140
\glossaryrule=\dimen141
\sideparvshift=\skip156
\sideins=\insert198
\sidebartopsep=\skip157
\sidebarhsep=\skip158
\sidebarvsep=\skip159
\sidebarwidth=\skip160
\footmarkwidth=\skip161
\footmarksep=\skip162
\footparindent=\skip163
\footinsdim=\skip164
\footinsv@r=\insert197
\@mpfootinsv@r=\insert196
\m@m@k=\count112
\m@m@h=\dimen142
\m@mipn@skip=\skip165
\sidefootins=\insert195
\sidefootadjust=\skip166
\sidefootheight=\skip167
\sidefoothsep=\skip168
\sidefootvsep=\skip169
\sidefootwidth=\skip170
\m@mdownsf=\skip171
\c@sidefootnote=\count113
\sidefootmarkwidth=\skip172
\sidefootmarksep=\skip173
\sidefootparindent=\skip174
\c@pagenote=\count114
\c@pagenoteshadow=\count115
\mem@pn@lastkern=\skip175
\every@verbatim=\toks19
\afterevery@verbatim=\toks20
\verbatim@line=\toks21
\tab@position=\count116
\verbatim@in@stream=\read1
\verbatimindent=\skip176
\verbatim@out=\write3
\bvboxsep=\skip177
\c@memfbvline=\count117
\c@bvlinectr=\count118
\bvnumlength=\skip178
\fb@frw=\dimen143
\fb@frh=\dimen144
\FrameRule=\dimen145
\FrameSep=\dimen146
\c@cp@cntr=\count119
LaTeX Info: Redefining \: on input line 12187.
LaTeX Info: Redefining \! on input line 12189.
\c@ism@mctr=\count120
\c@xsm@mctr=\count121
\c@csm@mctr=\count122
\c@ksm@mctr=\count123
\c@xksm@mctr=\count124
\c@cksm@mctr=\count125
\c@msm@mctr=\count126
\c@xmsm@mctr=\count127
\c@cmsm@mctr=\count128
\c@bsm@mctr=\count129
\c@workm@mctr=\count130
\c@sheetsequence=\count131
\c@lastsheet=\count132
\c@lastpage=\count133

("C:\Users\felix\AppData\Local\Programs\MiKTeX 2.9\tex/latex/textcase\textcase.
sty"
Package: textcase 2019/09/14 v1.00 Text only upper/lower case changing (DPC)
)
\c@figure=\count134
\c@lofdepth=\count135
\cftbeforefigureskip=\skip179
\cftfigureindent=\skip180
\cftfigurenumwidth=\skip181
\c@table=\count136
\c@lotdepth=\count137
\cftbeforetableskip=\skip182
\cfttableindent=\skip183
\cfttablenumwidth=\skip184
Package abstract [2008/07/23] emulated by memoir.
Package appendix [2008/07/23] emulated by memoir.
Package booktabs [2016/05/16] emulated by memoir.
Package ccaption [2008/07/23] emulated by memoir.
Package changepage [2008/07/23] emulated by memoir.
Package chngcntr [2008/07/23] emulated by memoir.
Package chngpage [2008/07/23] emulated by memoir.
Package crop emulated by memoir.
Package enumerate [2008/07/23] emulated by memoir.
Package epigraph [2008/07/23] emulated by memoir.
Package ifmtarg [2008/07/23] emulated by memoir.
Package index [2008/07/23] emulated by memoir.
Package makeidx [2008/07/23] emulated by memoir.
Package moreverb [2008/07/23] emulated by memoir.
Package mparhack [2008/07/23] emulated by memoir.
Package needspace [2008/07/23] emulated by memoir.
Package newfile [2008/07/23] emulated by memoir.
Package nextpage [2008/07/23] emulated by memoir.
Package pagenote [2008/07/23] emulated by memoir.
Package parskip [2008/07/23] emulated by memoir.
Package patchcmd [2008/07/23] emulated by memoir.
Package setspace [2008/07/23] emulated by memoir.
Package shortvrb [2008/07/23] emulated by memoir.
Package showidx [2008/07/23] emulated by memoir.
Package titleref [2008/07/23] emulated by memoir.
Package titling [2008/07/23] emulated by memoir.
Package tocbibind [2008/07/23] emulated by memoir.
Package tocloft [2008/07/23] emulated by memoir.
Package tocvsec2 [2008/07/23] emulated by memoir.
Package verbatim [2008/07/23] emulated by memoir.
Package verse [2008/07/23] emulated by memoir.
)
("C:\Users\felix\AppData\Local\Programs\MiKTeX 2.9\tex/generic/babel\babel.sty"
Package: babel 2019/11/14 3.36 The Babel package
("C:\Users\felix\AppData\Local\Programs\MiKTeX 2.9\tex/generic/babel\switch.def
"
File: switch.def 2019/11/14 3.36 Babel switching mechanism
)
*************************************
* Local config file bblopts.cfg used
*
("C:\Users\felix\AppData\Local\Programs\MiKTeX 2.9\tex/latex/arabi\bblopts.cfg"
File: bblopts.cfg 2005/09/08 v0.1 add Arabic and Farsi to "declared" options of
 babel
)
("C:\Users\felix\AppData\Local\Programs\MiKTeX 2.9\tex/latex/babel-spanish\span
ish.ldf"
Language: spanish.ldf 2016/03/03 v5.0p Spanish support from the babel system

("C:\Users\felix\AppData\Local\Programs\MiKTeX 2.9\tex/generic/babel\babel.def"
File: babel.def 2019/11/14 3.36 Babel common definitions
\babel@savecnt=\count138
\U@D=\dimen147

("C:\Users\felix\AppData\Local\Programs\MiKTeX 2.9\tex/generic/babel\txtbabel.d
ef")
\bbl@dirlevel=\count139
)
\es@quottoks=\toks22
\es@quotdepth=\count140
Package babel Info: Making " an active character on input line 561.
Package babel Info: Making . an active character on input line 662.
Package babel Info: Making < an active character on input line 707.
Package babel Info: Making > an active character on input line 707.
))
LaTeX Info: Redefining \. on input line 5.
LaTeX Info: Redefining \% on input line 5.

("C:\Users\felix\AppData\Local\Programs\MiKTeX 2.9\tex/latex/base\inputenc.sty"
Package: inputenc 2018/08/11 v1.3c Input encoding file
\inpenc@prehook=\toks23
\inpenc@posthook=\toks24
) ("C:\Users\felix\AppData\Local\Programs\MiKTeX 2.9\tex/latex/base\fontenc.sty
"
Package: fontenc 2018/08/11 v2.0j Standard LaTeX package
 ("C:\Users\felix\AppData\Local\Programs\MiKTeX 2.9\tex/latex/base\t1enc.def"
File: t1enc.def 2018/08/11 v2.0j Standard LaTeX file
LaTeX Font Info:    Redeclaring font encoding T1 on input line 48.
)) ("C:\Users\felix\AppData\Local\Programs\MiKTeX 2.9\tex/latex/lm\lmodern.sty"
Package: lmodern 2009/10/30 v1.6 Latin Modern Fonts
LaTeX Font Info:    Overwriting symbol font `operators' in version `normal'
(Font)                  OT1/cmr/m/n --> OT1/lmr/m/n on input line 22.
LaTeX Font Info:    Overwriting symbol font `letters' in version `normal'
(Font)                  OML/cmm/m/it --> OML/lmm/m/it on input line 23.
LaTeX Font Info:    Overwriting symbol font `symbols' in version `normal'
(Font)                  OMS/cmsy/m/n --> OMS/lmsy/m/n on input line 24.
LaTeX Font Info:    Overwriting symbol font `largesymbols' in version `normal'
(Font)                  OMX/cmex/m/n --> OMX/lmex/m/n on input line 25.
LaTeX Font Info:    Overwriting symbol font `operators' in version `bold'
(Font)                  OT1/cmr/bx/n --> OT1/lmr/bx/n on input line 26.
LaTeX Font Info:    Overwriting symbol font `letters' in version `bold'
(Font)                  OML/cmm/b/it --> OML/lmm/b/it on input line 27.
LaTeX Font Info:    Overwriting symbol font `symbols' in version `bold'
(Font)                  OMS/cmsy/b/n --> OMS/lmsy/b/n on input line 28.
LaTeX Font Info:    Overwriting symbol font `largesymbols' in version `bold'
(Font)                  OMX/cmex/m/n --> OMX/lmex/m/n on input line 29.
LaTeX Font Info:    Overwriting math alphabet `\mathbf' in version `normal'
(Font)                  OT1/cmr/bx/n --> OT1/lmr/bx/n on input line 31.
LaTeX Font Info:    Overwriting math alphabet `\mathsf' in version `normal'
(Font)                  OT1/cmss/m/n --> OT1/lmss/m/n on input line 32.
LaTeX Font Info:    Overwriting math alphabet `\mathit' in version `normal'
(Font)                  OT1/cmr/m/it --> OT1/lmr/m/it on input line 33.
LaTeX Font Info:    Overwriting math alphabet `\mathtt' in version `normal'
(Font)                  OT1/cmtt/m/n --> OT1/lmtt/m/n on input line 34.
LaTeX Font Info:    Overwriting math alphabet `\mathbf' in version `bold'
(Font)                  OT1/cmr/bx/n --> OT1/lmr/bx/n on input line 35.
LaTeX Font Info:    Overwriting math alphabet `\mathsf' in version `bold'
(Font)                  OT1/cmss/bx/n --> OT1/lmss/bx/n on input line 36.
LaTeX Font Info:    Overwriting math alphabet `\mathit' in version `bold'
(Font)                  OT1/cmr/bx/it --> OT1/lmr/bx/it on input line 37.
LaTeX Font Info:    Overwriting math alphabet `\mathtt' in version `bold'
(Font)                  OT1/cmtt/m/n --> OT1/lmtt/m/n on input line 38.
)
("C:\Users\felix\AppData\Local\Programs\MiKTeX 2.9\tex/latex/microtype\microtyp
e.sty"
Package: microtype 2019/11/18 v2.7d Micro-typographical refinements (RS)

("C:\Users\felix\AppData\Local\Programs\MiKTeX 2.9\tex/latex/graphics\keyval.st
y"
Package: keyval 2014/10/28 v1.15 key=value parser (DPC)
\KV@toks@=\toks25
)
\MT@toks=\toks26
\MT@count=\count141
LaTeX Info: Redefining \textls on input line 790.
\MT@outer@kern=\dimen148
LaTeX Info: Redefining \textmicrotypecontext on input line 1354.
\MT@listname@count=\count142

("C:\Users\felix\AppData\Local\Programs\MiKTeX 2.9\tex/latex/microtype\microtyp
e-pdftex.def"
File: microtype-pdftex.def 2019/11/18 v2.7d Definitions specific to pdftex (RS)

LaTeX Info: Redefining \lsstyle on input line 914.
LaTeX Info: Redefining \lslig on input line 914.
\MT@outer@space=\skip185
)
Package microtype Info: Loading configuration file microtype.cfg.

("C:\Users\felix\AppData\Local\Programs\MiKTeX 2.9\tex/latex/microtype\microtyp
e.cfg"
File: microtype.cfg 2019/11/18 v2.7d microtype main configuration file (RS)
))
("C:\Users\felix\AppData\Local\Programs\MiKTeX 2.9\tex/latex/placeins\placeins.
sty"
Package: placeins 2005/04/18  v 2.2
)
("C:\Users\felix\AppData\Local\Programs\MiKTeX 2.9\tex/latex/tools\longtable.st
y"
Package: longtable 2019/02/06 v4.12 Multi-page Table package (DPC)
\LTleft=\skip186
\LTright=\skip187
\LTpre=\skip188
\LTpost=\skip189
\LTchunksize=\count143
\LTcapwidth=\dimen149
\LT@head=\box32
\LT@firsthead=\box33
\LT@foot=\box34
\LT@lastfoot=\box35
\LT@cols=\count144
\LT@rows=\count145
\c@LT@tables=\count146
\c@LT@chunks=\count147
\LT@p@ftn=\toks27
)
("C:\Users\felix\AppData\Local\Programs\MiKTeX 2.9\tex/latex/eurosym\eurosym.st
y"
Package: eurosym 1998/08/06 v1.1 European currency symbol ``Euro''
\@eurobox=\box36
)
("C:\Users\felix\AppData\Local\Programs\MiKTeX 2.9\tex/latex/xcolor\xcolor.sty"
Package: xcolor 2016/05/11 v2.12 LaTeX color extensions (UK)

("C:\Users\felix\AppData\Local\Programs\MiKTeX 2.9\tex/latex/graphics-cfg\color
.cfg"
File: color.cfg 2016/01/02 v1.6 sample color configuration
)
Package xcolor Info: Driver file: pdftex.def on input line 225.

("C:\Users\felix\AppData\Local\Programs\MiKTeX 2.9\tex/latex/graphics-def\pdfte
x.def"
File: pdftex.def 2018/01/08 v1.0l Graphics/color driver for pdftex
)
("C:\Users\felix\AppData\Local\Programs\MiKTeX 2.9\tex/latex/colortbl\colortbl.
sty"
Package: colortbl 2018/12/12 v1.0d Color table columns (DPC)
\everycr=\toks28
\minrowclearance=\skip190
)
\rownum=\count148
Package xcolor Info: Model `cmy' substituted by `cmy0' on input line 1348.
Package xcolor Info: Model `hsb' substituted by `rgb' on input line 1352.
Package xcolor Info: Model `RGB' extended on input line 1364.
Package xcolor Info: Model `HTML' substituted by `rgb' on input line 1366.
Package xcolor Info: Model `Hsb' substituted by `hsb' on input line 1367.
Package xcolor Info: Model `tHsb' substituted by `hsb' on input line 1368.
Package xcolor Info: Model `HSB' substituted by `hsb' on input line 1369.
Package xcolor Info: Model `Gray' substituted by `gray' on input line 1370.
Package xcolor Info: Model `wave' substituted by `hsb' on input line 1371.
)
("C:\Users\felix\AppData\Local\Programs\MiKTeX 2.9\tex/latex/xtab\xtab.sty"
Package: xtab 2011/07/31 v2.3f Extended supertabular package
\c@tracingst=\count149
\PWSTcapht=\dimen150
\ST@wd=\dimen151
\ST@rightskip=\skip191
\ST@leftskip=\skip192
\ST@parfillskip=\skip193
\c@PWSTtable=\count150
\PWSTlastpage=\count151
\PWSTpenultimate=\count152
\PWSTcurpage=\count153
\PWSTtempc=\count154
\PWSTlines=\count155
\PWST@lastht=\dimen152
\PWST@generalht=\dimen153
\PWST@ht=\dimen154
\ST@pageleft=\dimen155
\ST@headht=\dimen156
\ST@tailht=\dimen157
\ST@pagesofar=\dimen158
\ST@pboxht=\dimen159
\ST@lineht=\dimen160
\ST@stretchht=\dimen161
\ST@prevht=\dimen162
\ST@toadd=\dimen163
\ST@dimen=\dimen164
\ST@pbox=\box37
)
("C:\Users\felix\AppData\Local\Programs\MiKTeX 2.9\tex/latex/multirow\multirow.
sty"
Package: multirow 2019/05/31 v2.5 Span multiple rows of a table
\multirow@colwidth=\skip194
\multirow@cntb=\count156
\multirow@dima=\skip256
\bigstrutjot=\dimen165
)
("C:\Users\felix\AppData\Local\Programs\MiKTeX 2.9\tex/latex/hyperref\hyperref.
sty"
Package: hyperref 2019/11/10 v7.00c Hypertext links for LaTeX

("C:\Users\felix\AppData\Local\Programs\MiKTeX 2.9\tex/generic/oberdiek\ltxcmds
.sty"
Package: ltxcmds 2016/05/16 v1.23 LaTeX kernel commands for general use (HO)
)
("C:\Users\felix\AppData\Local\Programs\MiKTeX 2.9\tex/latex/pdftexcmds\pdftexc
mds.sty"
Package: pdftexcmds 2019/11/24 v0.31 Utility functions of pdfTeX for LuaTeX (HO
)

("C:\Users\felix\AppData\Local\Programs\MiKTeX 2.9\tex/generic/oberdiek\infware
rr.sty"
Package: infwarerr 2016/05/16 v1.4 Providing info/warning/error messages (HO)
)
Package pdftexcmds Info: \pdf@primitive is available.
Package pdftexcmds Info: \pdf@ifprimitive is available.
Package pdftexcmds Info: \pdfdraftmode found.
)
("C:\Users\felix\AppData\Local\Programs\MiKTeX 2.9\tex/generic/oberdiek\kvsetke
ys.sty"
Package: kvsetkeys 2016/05/16 v1.17 Key value parser (HO)

("C:\Users\felix\AppData\Local\Programs\MiKTeX 2.9\tex/generic/oberdiek\etexcmd
s.sty"
Package: etexcmds 2016/05/16 v1.6 Avoid name clashes with e-TeX commands (HO)

("C:\Users\felix\AppData\Local\Programs\MiKTeX 2.9\tex/generic/iftex\ifluatex.s
ty"
Package: ifluatex 2019/10/25 v1.5 ifluatex legacy package. Use iftex instead.
)))
("C:\Users\felix\AppData\Local\Programs\MiKTeX 2.9\tex/generic/oberdiek\kvdefin
ekeys.sty"
Package: kvdefinekeys 2016/05/16 v1.4 Define keys (HO)
)
("C:\Users\felix\AppData\Local\Programs\MiKTeX 2.9\tex/generic/oberdiek\pdfesca
pe.sty"
Package: pdfescape 2016/05/16 v1.14 Implements pdfTeX's escape features (HO)
)
("C:\Users\felix\AppData\Local\Programs\MiKTeX 2.9\tex/latex/oberdiek\hycolor.s
ty"
Package: hycolor 2016/05/16 v1.8 Color options for hyperref/bookmark (HO)

("C:\Users\felix\AppData\Local\Programs\MiKTeX 2.9\tex/latex/oberdiek\xcolor-pa
tch.sty"
Package: xcolor-patch 2016/05/16 xcolor patch

("C:\Users\felix\AppData\Local\Programs\MiKTeX 2.9\tex/latex/oberdiek\hopatch.s
ty"
Package: hopatch 2016/05/16 v1.3 Wrapper for package hooks (HO)
)))
("C:\Users\felix\AppData\Local\Programs\MiKTeX 2.9\tex/latex/oberdiek\letltxmac
ro.sty"
Package: letltxmacro 2016/05/16 v1.5 Let assignment for LaTeX macros (HO)
)
("C:\Users\felix\AppData\Local\Programs\MiKTeX 2.9\tex/latex/oberdiek\auxhook.s
ty"
Package: auxhook 2016/05/16 v1.4 Hooks for auxiliary files (HO)
)
("C:\Users\felix\AppData\Local\Programs\MiKTeX 2.9\tex/latex/oberdiek\kvoptions
.sty"
Package: kvoptions 2016/05/16 v3.12 Key value format for package options (HO)
)
\@linkdim=\dimen166
\Hy@linkcounter=\count157
\Hy@pagecounter=\count158

("C:\Users\felix\AppData\Local\Programs\MiKTeX 2.9\tex/latex/hyperref\pd1enc.de
f"
File: pd1enc.def 2019/11/10 v7.00c Hyperref: PDFDocEncoding definition (HO)
Now handling font encoding PD1 ...
... no UTF-8 mapping file for font encoding PD1
)
("C:\Users\felix\AppData\Local\Programs\MiKTeX 2.9\tex/generic/oberdiek\intcalc
.sty"
Package: intcalc 2016/05/16 v1.2 Expandable calculations with integers (HO)
)
\Hy@SavedSpaceFactor=\count159

("C:\Users\felix\AppData\Local\Programs\MiKTeX 2.9\tex/latex/00miktex\hyperref.
cfg"
File: hyperref.cfg 2002/06/06 v1.2 hyperref configuration of TeXLive
)
Package hyperref Info: Option `colorlinks' set `true' on input line 4409.
Package hyperref Info: Hyper figures OFF on input line 4535.
Package hyperref Info: Link nesting OFF on input line 4540.
Package hyperref Info: Hyper index ON on input line 4543.
Package hyperref Info: Plain pages OFF on input line 4550.
Package hyperref Info: Backreferencing OFF on input line 4555.
Package hyperref Info: Implicit mode ON; LaTeX internals redefined.
Package hyperref Info: Bookmarks ON on input line 4788.
\c@Hy@tempcnt=\count160
 ("C:\Users\felix\AppData\Local\Programs\MiKTeX 2.9\tex/latex/url\url.sty"
\Urlmuskip=\muskip10
Package: url 2013/09/16  ver 3.4  Verb mode for urls, etc.
)
LaTeX Info: Redefining \url on input line 5147.
\XeTeXLinkMargin=\dimen167

("C:\Users\felix\AppData\Local\Programs\MiKTeX 2.9\tex/generic/oberdiek\bitset.
sty"
Package: bitset 2016/05/16 v1.2 Handle bit-vector datatype (HO)

("C:\Users\felix\AppData\Local\Programs\MiKTeX 2.9\tex/generic/oberdiek\bigintc
alc.sty"
Package: bigintcalc 2016/05/16 v1.4 Expandable calculations on big integers (HO
)
))
\Fld@menulength=\count161
\Field@Width=\dimen168
\Fld@charsize=\dimen169
Package hyperref Info: Hyper figures OFF on input line 6418.
Package hyperref Info: Link nesting OFF on input line 6423.
Package hyperref Info: Hyper index ON on input line 6426.
Package hyperref Info: backreferencing OFF on input line 6433.
Package hyperref Info: Link coloring ON on input line 6436.
Package hyperref Info: Link coloring with OCG OFF on input line 6443.
Package hyperref Info: PDF/A mode OFF on input line 6448.
LaTeX Info: Redefining \ref on input line 6488.
LaTeX Info: Redefining \pageref on input line 6492.

("C:\Users\felix\AppData\Local\Programs\MiKTeX 2.9\tex/generic/oberdiek\atbegsh
i.sty"
Package: atbegshi 2016/06/09 v1.18 At begin shipout hook (HO)

("C:\Users\felix\AppData\Local\Programs\MiKTeX 2.9\tex/generic/iftex\ifpdf.sty"
Package: ifpdf 2019/10/25 v3.4 ifpdf legacy package. Use iftex instead.
))
\Hy@abspage=\count162
\c@Item=\count163
\c@Hfootnote=\count164
)
("C:\Users\felix\AppData\Local\Programs\MiKTeX 2.9\tex/latex/memoir\memhfixc.st
y"
Package: memhfixc 2019/10/24 v1.18 nameref/hyperref package fixes for memoir cl
ass
\c@memhycontfloat=\count165
\c@Hpagenote=\count166
)
Package hyperref Info: Driver (autodetected): hpdftex.

("C:\Users\felix\AppData\Local\Programs\MiKTeX 2.9\tex/latex/hyperref\hpdftex.d
ef"
File: hpdftex.def 2019/11/10 v7.00c Hyperref driver for pdfTeX

("C:\Users\felix\AppData\Local\Programs\MiKTeX 2.9\tex/latex/oberdiek\atveryend
.sty"
Package: atveryend 2016/05/16 v1.9 Hooks at the very end of document (HO)
Package atveryend Info: \enddocument detected (standard20110627).
)
\Fld@listcount=\count167
\c@bookmark@seq@number=\count168

("C:\Users\felix\AppData\Local\Programs\MiKTeX 2.9\tex/latex/oberdiek\rerunfile
check.sty"
Package: rerunfilecheck 2016/05/16 v1.8 Rerun checks for auxiliary files (HO)

("C:\Users\felix\AppData\Local\Programs\MiKTeX 2.9\tex/generic/oberdiek\uniquec
ounter.sty"
Package: uniquecounter 2016/05/16 v1.3 Provide unlimited unique counter (HO)
)
Package uniquecounter Info: New unique counter `rerunfilecheck' on input line 2
85.
)
\Hy@SectionHShift=\skip257
)
("C:\Users\felix\AppData\Local\Programs\MiKTeX 2.9\tex/latex/amsmath\amsmath.st
y"
Package: amsmath 2019/11/16 v2.17d AMS math features
\@mathmargin=\skip258

For additional information on amsmath, use the `?' option.

("C:\Users\felix\AppData\Local\Programs\MiKTeX 2.9\tex/latex/amsmath\amstext.st
y"
Package: amstext 2000/06/29 v2.01 AMS text

("C:\Users\felix\AppData\Local\Programs\MiKTeX 2.9\tex/latex/amsmath\amsgen.sty
"
File: amsgen.sty 1999/11/30 v2.0 generic functions
\@emptytoks=\toks29
\ex@=\dimen170
))
("C:\Users\felix\AppData\Local\Programs\MiKTeX 2.9\tex/latex/amsmath\amsbsy.sty
"
Package: amsbsy 1999/11/29 v1.2d Bold Symbols
\pmbraise@=\dimen171
)
("C:\Users\felix\AppData\Local\Programs\MiKTeX 2.9\tex/latex/amsmath\amsopn.sty
"
Package: amsopn 2016/03/08 v2.02 operator names
)
\inf@bad=\count169
LaTeX Info: Redefining \frac on input line 227.
\uproot@=\count170
\leftroot@=\count171
LaTeX Info: Redefining \overline on input line 389.
\classnum@=\count172
\DOTSCASE@=\count173
LaTeX Info: Redefining \ldots on input line 486.
LaTeX Info: Redefining \dots on input line 489.
LaTeX Info: Redefining \cdots on input line 610.
\Mathstrutbox@=\box38
\strutbox@=\box39
\big@size=\dimen172
LaTeX Font Info:    Redeclaring font encoding OML on input line 733.
LaTeX Font Info:    Redeclaring font encoding OMS on input line 734.
\macc@depth=\count174
\c@MaxMatrixCols=\count175
\dotsspace@=\muskip11
\c@parentequation=\count176
\dspbrk@lvl=\count177
\tag@help=\toks30
\row@=\count178
\column@=\count179
\maxfields@=\count180
\andhelp@=\toks31
\eqnshift@=\dimen173
\alignsep@=\dimen174
\tagshift@=\dimen175
\tagwidth@=\dimen176
\totwidth@=\dimen177
\lineht@=\dimen178
\@envbody=\toks32
\multlinegap=\skip259
\multlinetaggap=\skip260
\mathdisplay@stack=\toks33
LaTeX Info: Redefining \[ on input line 2858.
LaTeX Info: Redefining \] on input line 2859.
)
("C:\Users\felix\AppData\Local\Programs\MiKTeX 2.9\tex/latex/graphics\graphicx.
sty"
Package: graphicx 2017/06/01 v1.1a Enhanced LaTeX Graphics (DPC,SPQR)

("C:\Users\felix\AppData\Local\Programs\MiKTeX 2.9\tex/latex/graphics\graphics.
sty"
Package: graphics 2019/11/01 v1.3d Standard LaTeX Graphics (DPC,SPQR)

("C:\Users\felix\AppData\Local\Programs\MiKTeX 2.9\tex/latex/graphics\trig.sty"
Package: trig 2016/01/03 v1.10 sin cos tan (DPC)
)
("C:\Users\felix\AppData\Local\Programs\MiKTeX 2.9\tex/latex/graphics-cfg\graph
ics.cfg"
File: graphics.cfg 2016/06/04 v1.11 sample graphics configuration
)
Package graphics Info: Driver file: pdftex.def on input line 105.
)
\Gin@req@height=\dimen179
\Gin@req@width=\dimen180
)
("C:\Users\felix\AppData\Local\Programs\MiKTeX 2.9\tex/latex/float\float.sty"
Package: float 2001/11/08 v1.3d Float enhancements (AL)
\c@float@type=\count181
\float@exts=\toks34
\float@box=\box40
\@float@everytoks=\toks35
\@floatcapt=\box41
)
(anexos.aux
LaTeX Info: Redefining \. on input line 25.
LaTeX Info: Redefining \% on input line 25.
LaTeX Info: Redefining \. on input line 26.
LaTeX Info: Redefining \% on input line 26.
 (tex/A_Plan_proyecto.aux) (tex/B_Requisitos.aux) (tex/C_Diseno.aux) (tex/D_Man
ual_programador.aux) (tex/E_Manual_usuario.aux))
\openout1 = `anexos.aux'.

LaTeX Font Info:    Checking defaults for OML/cmm/m/it on input line 452.
LaTeX Font Info:    ... okay on input line 452.
LaTeX Font Info:    Checking defaults for T1/cmr/m/n on input line 452.
LaTeX Font Info:    ... okay on input line 452.
LaTeX Font Info:    Checking defaults for OT1/cmr/m/n on input line 452.
LaTeX Font Info:    ... okay on input line 452.
LaTeX Font Info:    Checking defaults for OMS/cmsy/m/n on input line 452.
LaTeX Font Info:    ... okay on input line 452.
LaTeX Font Info:    Checking defaults for OMX/cmex/m/n on input line 452.
LaTeX Font Info:    ... okay on input line 452.
LaTeX Font Info:    Checking defaults for U/cmr/m/n on input line 452.
LaTeX Font Info:    ... okay on input line 452.
LaTeX Font Info:    Checking defaults for PD1/pdf/m/n on input line 452.
LaTeX Font Info:    ... okay on input line 452.
LaTeX Font Info:    Trying to load font information for T1+lmr on input line 45
2.

("C:\Users\felix\AppData\Local\Programs\MiKTeX 2.9\tex/latex/lm\t1lmr.fd"
File: t1lmr.fd 2009/10/30 v1.6 Font defs for Latin Modern
)
LaTeX Info: Redefining \. on input line 452.
LaTeX Info: Redefining \% on input line 452.
LaTeX Info: Redefining \microtypecontext on input line 452.
Package microtype Info: Generating PDF output.
Package microtype Info: Character protrusion enabled (level 2).
Package microtype Info: Using default protrusion set `alltext'.
Package microtype Info: Automatic font expansion enabled (level 2),
(microtype)             stretch: 20, shrink: 20, step: 1, non-selected.
Package microtype Info: Using default expansion set `basictext'.
LaTeX Info: Redefining \showhyphens on input line 452.
Package microtype Info: No adjustment of tracking.
Package microtype Info: No adjustment of interword spacing.
Package microtype Info: No adjustment of character kerning.

("C:\Users\felix\AppData\Local\Programs\MiKTeX 2.9\tex/latex/microtype\mt-cmr.c
fg"
File: mt-cmr.cfg 2013/05/19 v2.2 microtype config. file: Computer Modern Roman 
(RS)
)
("C:\Users\felix\AppData\Local\Programs\MiKTeX 2.9\tex/context/base/mkii\supp-p
df.mkii"
[Loading MPS to PDF converter (version 2006.09.02).]
\scratchcounter=\count182
\scratchdimen=\dimen181
\scratchbox=\box42
\nofMPsegments=\count183
\nofMParguments=\count184
\everyMPshowfont=\toks36
\MPscratchCnt=\count185
\MPscratchDim=\dimen182
\MPnumerator=\count186
\makeMPintoPDFobject=\count187
\everyMPtoPDFconversion=\toks37
)
("C:\Users\felix\AppData\Local\Programs\MiKTeX 2.9\tex/latex/epstopdf-pkg\epsto
pdf-base.sty"
Package: epstopdf-base 2019/11/24 v2.7 Base part for package epstopdf

("C:\Users\felix\AppData\Local\Programs\MiKTeX 2.9\tex/latex/oberdiek\grfext.st
y"
Package: grfext 2016/05/16 v1.2 Manage graphics extensions (HO)
)
Package epstopdf-base Info: Redefining graphics rule for `.eps' on input line 4
42.
Package grfext Info: Graphics extension search list:
(grfext)             [.pdf,.png,.jpg,.mps,.jpeg,.jbig2,.jb2,.PDF,.PNG,.JPG,.JPE
G,.JBIG2,.JB2,.eps]
(grfext)             \AppendGraphicsExtensions on input line 460.
)
\AtBeginShipoutBox=\box43
Package hyperref Info: Link coloring ON on input line 452.

("C:\Users\felix\AppData\Local\Programs\MiKTeX 2.9\tex/latex/hyperref\nameref.s
ty"
Package: nameref 2019/09/16 v2.46 Cross-referencing by name of section

("C:\Users\felix\AppData\Local\Programs\MiKTeX 2.9\tex/latex/oberdiek\refcount.
sty"
Package: refcount 2016/05/16 v3.5 Data extraction from label references (HO)
)
("C:\Users\felix\AppData\Local\Programs\MiKTeX 2.9\tex/generic/oberdiek\gettitl
estring.sty"
Package: gettitlestring 2016/05/16 v1.5 Cleanup title references (HO)
)
\c@section@level=\count188
)
Redoing nameref's sectioning
Redoing nameref's label
LaTeX Info: Redefining \nameref on input line 452.
LaTeX Info: Redefining \ref on input line 452.
LaTeX Info: Redefining \pageref on input line 452.
LaTeX Info: Redefining \nameref on input line 452.
(anexos.out) (anexos.out)
\@outlinefile=\write4
\openout4 = `anexos.out'.

<cabecera.pdf, id=119, 617.67549pt x 135.51413pt>
File: cabecera.pdf Graphic file (type pdf)
<use cabecera.pdf>
Package pdftex.def Info: cabecera.pdf  used on input line 454.
(pdftex.def)             Requested size: 383.0pt x 84.02823pt.
LaTeX Font Info:    Trying to load font information for OT1+lmr on input line 4
54.

("C:\Users\felix\AppData\Local\Programs\MiKTeX 2.9\tex/latex/lm\ot1lmr.fd"
File: ot1lmr.fd 2009/10/30 v1.6 Font defs for Latin Modern
)
LaTeX Font Info:    Trying to load font information for OML+lmm on input line 4
54.

("C:\Users\felix\AppData\Local\Programs\MiKTeX 2.9\tex/latex/lm\omllmm.fd"
File: omllmm.fd 2009/10/30 v1.6 Font defs for Latin Modern
)
LaTeX Font Info:    Trying to load font information for OMS+lmsy on input line 
454.

("C:\Users\felix\AppData\Local\Programs\MiKTeX 2.9\tex/latex/lm\omslmsy.fd"
File: omslmsy.fd 2009/10/30 v1.6 Font defs for Latin Modern
)
LaTeX Font Info:    Trying to load font information for OMX+lmex on input line 
454.

("C:\Users\felix\AppData\Local\Programs\MiKTeX 2.9\tex/latex/lm\omxlmex.fd"
File: omxlmex.fd 2009/10/30 v1.6 Font defs for Latin Modern
)
LaTeX Font Info:    External font `lmex10' loaded for size
(Font)              <12> on input line 454.
LaTeX Font Info:    External font `lmex10' loaded for size
(Font)              <8> on input line 454.
LaTeX Font Info:    External font `lmex10' loaded for size
(Font)              <6> on input line 454.
<escudoInfor.pdf, id=120, 618.11432pt x 737.07487pt>
File: escudoInfor.pdf Graphic file (type pdf)
<use escudoInfor.pdf>
Package pdftex.def Info: escudoInfor.pdf  used on input line 454.
(pdftex.def)             Requested size: 76.59883pt x 91.3356pt.

Overfull \hbox (27.54143pt too wide) in paragraph at lines 454--454
[][][][][][][] $[]$ 
 []

<./img/portada/logo.png, id=121, 150.5625pt x 150.5625pt>
File: ./img/portada/logo.png Graphic file (type png)
<use ./img/portada/logo.png>
Package pdftex.def Info: ./img/portada/logo.png  used on input line 454.
(pdftex.def)             Requested size: 114.90117pt x 114.90652pt.
[1

{C:/Users/felix/AppData/Local/MiKTeX/2.9/pdftex/config/pdftex.map} <./cabecera.
pdf> <./escudoInfor.pdf

pdfTeX warning: pdflatex.exe (file ./escudoInfor.pdf): PDF inclusion: multiple 
pdfs with page group included in a single page
> <./img/portada/logo.png>] [2

]
LaTeX Font Info:    Trying to load font information for T1+lmss on input line 4
73.

("C:\Users\felix\AppData\Local\Programs\MiKTeX 2.9\tex/latex/lm\t1lmss.fd"
File: t1lmss.fd 2009/10/30 v1.6 Font defs for Latin Modern
)
Package microtype Info: Loading generic protrusion settings for font family
(microtype)             `lmss' (encoding: T1).
(microtype)             For optimal results, create family-specific settings.
(microtype)             See the microtype manual for details.

(anexos.toc
LaTeX Info: Redefining \. on input line 1.
LaTeX Info: Redefining \% on input line 1.
LaTeX Info: Redefining \. on input line 2.
LaTeX Info: Redefining \% on input line 2.


LaTeX Font Warning: Font shape `T1/lmr/bx/sc' undefined
(Font)              using `T1/lmr/bx/n' instead on input line 3.


Package spanish Warning: Replacing `T1/lmr/bx/sc' by 
(spanish)                faked small caps on input line 3.


Package spanish Warning: Replacing `T1/lmr/bx/sc' by 
(spanish)                faked small caps on input line 4.


Package spanish Warning: Replacing `T1/lmr/bx/sc' by 
(spanish)                faked small caps on input line 5.

Package microtype Info: Character `029' is missing
(microtype)             in font `T1/lmr/m/sc/12'.
(microtype)             Ignoring protrusion settings for this character.
[1



])
LaTeX Info: Redefining \. on input line 474.
LaTeX Info: Redefining \% on input line 474.


Class memoir Warning: The material used in the headers is too large
(15.35403pt) for the given head height (14.5pt), it is recommended to
either increase the head height or redesign the header
(in both cases you will find help in the memoir manual). on input line 474.


Overfull \vbox (0.85403pt too high) has occurred while \output is active []


[2] (anexos.lof
LaTeX Info: Redefining \. on input line 1.
LaTeX Info: Redefining \% on input line 1.
LaTeX Info: Redefining \. on input line 2.
LaTeX Info: Redefining \% on input line 2.

Overfull \hbox (0.2272pt too wide) detected at line 24
\T1/lmr/m/n/12 D.10. 
 []


Overfull \hbox (0.2272pt too wide) detected at line 25
\T1/lmr/m/n/12 D.11. 
 []


Overfull \hbox (0.2272pt too wide) detected at line 26
\T1/lmr/m/n/12 D.12. 
 []


Overfull \hbox (0.2272pt too wide) detected at line 27
\T1/lmr/m/n/12 D.13. 
 []


Overfull \hbox (0.2272pt too wide) detected at line 28
\T1/lmr/m/n/12 D.14. 
 []


Overfull \hbox (0.2272pt too wide) detected at line 29
\T1/lmr/m/n/12 D.15. 
 []


Overfull \hbox (0.2272pt too wide) detected at line 30
\T1/lmr/m/n/12 D.16. 
 []

[3

])
LaTeX Info: Redefining \. on input line 478.
LaTeX Info: Redefining \% on input line 478.

Overfull \vbox (0.85403pt too high) has occurred while \output is active []


[4] (anexos.lot
LaTeX Info: Redefining \. on input line 1.
LaTeX Info: Redefining \% on input line 1.
LaTeX Info: Redefining \. on input line 2.
LaTeX Info: Redefining \% on input line 2.
) [5

] [6


]
\openout2 = `./tex/A_Plan_proyecto.aux'.

 (tex/A_Plan_proyecto.tex
LaTeX Font Info:    Font shape `T1/lmss/m/it' in size <17.28> not available
(Font)              Font shape `T1/lmss/m/sl' tried instead on input line 1.
<./img/planProyecto/modeloEnEspiral.png, id=651, 1003.75pt x 520.94624pt>
File: ./img/planProyecto/modeloEnEspiral.png Graphic file (type png)
<use ./img/planProyecto/modeloEnEspiral.png>
Package pdftex.def Info: ./img/planProyecto/modeloEnEspiral.png  used on input 
line 13.
(pdftex.def)             Requested size: 344.69766pt x 178.89995pt.


LaTeX Warning: `!h' float specifier changed to `!ht'.

pdfTeX warning (ext4): destination with the same identifier (name{page.1}) has 
been already used, duplicate ignored
<to be read again> 
                   \relax 
l.13 .../modeloEnEspiral}{Metodología en Espiral}
                                                   [1


]
LaTeX Info: Redefining \. on input line 31.
LaTeX Info: Redefining \% on input line 31.

Overfull \vbox (0.85403pt too high) has occurred while \output is active []

pdfTeX warning (ext4): destination with the same identifier (name{page.2}) has 
been already used, duplicate ignored
<to be read again> 
                   \relax 
l.31 	\item \textbf
                   {Evaluación}: Antes de pasar a otro ciclo se revisa las ...
[2pdfTeX warning (ext4): destination with the same identifier (name{figure.Alph
1.1}) has been already used, duplicate ignored

\AtBegShi@Output ...ipout \box \AtBeginShipoutBox 
                                                  \fi \fi 
l.31 	\item \textbf
                   {Evaluación}: Antes de pasar a otro ciclo se revisa las ...
 <./img/planProyecto/modeloEnEspiral.png>]
LaTeX Info: Redefining \. on input line 56.
LaTeX Info: Redefining \% on input line 56.

Overfull \vbox (0.85403pt too high) has occurred while \output is active []


[3]
LaTeX Info: Redefining \. on input line 77.
LaTeX Info: Redefining \% on input line 77.

Overfull \vbox (0.85403pt too high) has occurred while \output is active []


[4]
LaTeX Info: Redefining \. on input line 102.
LaTeX Info: Redefining \% on input line 102.

Overfull \vbox (0.85403pt too high) has occurred while \output is active []


[5]
LaTeX Info: Redefining \. on input line 128.
LaTeX Info: Redefining \% on input line 128.

Overfull \vbox (0.85403pt too high) has occurred while \output is active []


[6])
LaTeX Info: Redefining \. on input line 488.
LaTeX Info: Redefining \% on input line 488.
 [7]
\openout2 = `./tex/B_Requisitos.aux'.

 (tex/B_Requisitos.tex [8



] [9]
LaTeX Font Info:    Trying to load font information for OMS+lmr on input line 3
7.

("C:\Users\felix\AppData\Local\Programs\MiKTeX 2.9\tex/latex/lm\omslmr.fd"
File: omslmr.fd 2009/10/30 v1.6 Font defs for Latin Modern
)
LaTeX Font Info:    Font shape `OMS/lmr/m/n' in size <12> not available
(Font)              Font shape `OMS/lmsy/m/n' tried instead on input line 37.
LaTeX Info: Redefining \. on input line 42.
LaTeX Info: Redefining \% on input line 42.

Overfull \vbox (0.85403pt too high) has occurred while \output is active []


[10]
LaTeX Info: Redefining \. on input line 63.
LaTeX Info: Redefining \% on input line 63.
 [11]
<./img/requisitos/casosUso.png, id=774, 594.72188pt x 298.86656pt>
File: ./img/requisitos/casosUso.png Graphic file (type png)
<use ./img/requisitos/casosUso.png>
Package pdftex.def Info: ./img/requisitos/casosUso.png  used on input line 64.
(pdftex.def)             Requested size: 344.69766pt x 173.21959pt.
LaTeX Info: Redefining \. on input line 69.
LaTeX Info: Redefining \% on input line 69.

Overfull \vbox (0.85403pt too high) has occurred while \output is active []


[12pdfTeX warning (ext4): destination with the same identifier (name{figure.Alp
h2.1}) has been already used, duplicate ignored

\AtBegShi@Output ...ipout \box \AtBeginShipoutBox 
                                                  \fi \fi 
l.69 \newpage
              <./img/requisitos/casosUso.png>]
LaTeX Info: Redefining \. on input line 86.
LaTeX Info: Redefining \% on input line 86.

Overfull \vbox (0.85403pt too high) has occurred while \output is active []


[13]
LaTeX Info: Redefining \. on input line 104.
LaTeX Info: Redefining \% on input line 104.

Overfull \vbox (0.85403pt too high) has occurred while \output is active []


[14]
LaTeX Info: Redefining \. on input line 122.
LaTeX Info: Redefining \% on input line 122.

Overfull \vbox (0.85403pt too high) has occurred while \output is active []


[15]
LaTeX Info: Redefining \. on input line 145.
LaTeX Info: Redefining \% on input line 145.

Overfull \vbox (0.85403pt too high) has occurred while \output is active []


[16]
LaTeX Info: Redefining \. on input line 162.
LaTeX Info: Redefining \% on input line 162.

Overfull \vbox (0.85403pt too high) has occurred while \output is active []


[17]
LaTeX Info: Redefining \. on input line 179.
LaTeX Info: Redefining \% on input line 179.

Overfull \vbox (0.85403pt too high) has occurred while \output is active []


[18])
\openout2 = `./tex/C_Diseno.aux'.

 (tex/C_Diseno.tex
<./img/diseño/familias.png, id=820, 458.46281pt x 88.07906pt>
File: ./img/diseño/familias.png Graphic file (type png)
<use ./img/diseño/familias.png>
Package pdftex.def Info: ./img/diseño/familias.png  used on input line 11.
(pdftex.def)             Requested size: 344.69766pt x 66.22577pt.
 [19



pdfTeX warning (ext4): destination with the same identifier (name{figure.Alph3.
1}) has been already used, duplicate ignored

\AtBegShi@Output ...ipout \box \AtBeginShipoutBox 
                                                  \fi \fi 
l.18 	\end{itemize}
                    <./img/diseño/familias.png>]
<./img/diseño/generos.png, id=826, 472.01344pt x 156.585pt>
File: ./img/diseño/generos.png Graphic file (type png)
<use ./img/diseño/generos.png>
Package pdftex.def Info: ./img/diseño/generos.png  used on input line 21.
(pdftex.def)             Requested size: 344.69766pt x 114.35149pt.
<./img/diseño/especies.png, id=827, 478.78876pt x 250.68657pt>
File: ./img/diseño/especies.png Graphic file (type png)
<use ./img/diseño/especies.png>
Package pdftex.def Info: ./img/diseño/especies.png  used on input line 32.
(pdftex.def)             Requested size: 344.69766pt x 180.47888pt.


LaTeX Warning: `!h' float specifier changed to `!ht'.

LaTeX Info: Redefining \. on input line 32.
LaTeX Info: Redefining \% on input line 32.

Overfull \vbox (0.85403pt too high) has occurred while \output is active []


[20pdfTeX warning (ext4): destination with the same identifier (name{figure.Alp
h3.2}) has been already used, duplicate ignored

\AtBegShi@Output ...ipout \box \AtBeginShipoutBox 
                                                  \fi \fi 
l.32 \imagen{diseño/especies}{Tabla Especie}
                                              <./img/diseño/generos.png>]
<./img/diseño/individuos.png, id=833, 470.50781pt x 405.76593pt>
File: ./img/diseño/individuos.png Graphic file (type png)
<use ./img/diseño/individuos.png>
Package pdftex.def Info: ./img/diseño/individuos.png  used on input line 47.
(pdftex.def)             Requested size: 344.69766pt x 297.26541pt.


LaTeX Warning: `!h' float specifier changed to `!ht'.

LaTeX Info: Redefining \. on input line 47.
LaTeX Info: Redefining \% on input line 47.
[21pdfTeX warning (ext4): destination with the same identifier (name{figure.Alp
h3.3}) has been already used, duplicate ignored

\AtBegShi@Output ...ipout \box \AtBeginShipoutBox 
                                                  \fi \fi 
l.47 \imagen{diseño/individuos}{Tabla Individuos}
                                                   <./img/diseño/especies.png>
]
LaTeX Info: Redefining \. on input line 58.
LaTeX Info: Redefining \% on input line 58.

Overfull \vbox (0.85403pt too high) has occurred while \output is active []


[22pdfTeX warning (ext4): destination with the same identifier (name{figure.Alp
h3.4}) has been already used, duplicate ignored

\AtBegShi@Output ...ipout \box \AtBeginShipoutBox 
                                                  \fi \fi 
l.58 		\item \textbf
                    {longitud}: Contiene la longitud del árbol, es un campo...
 <./img/diseño/individuos.png>]
<./img/diseño/usuarios.png, id=844, 475.02469pt x 109.1578pt>
File: ./img/diseño/usuarios.png Graphic file (type png)
<use ./img/diseño/usuarios.png>
Package pdftex.def Info: ./img/diseño/usuarios.png  used on input line 69.
(pdftex.def)             Requested size: 344.69766pt x 79.21315pt.
LaTeX Info: Redefining \. on input line 82.
LaTeX Info: Redefining \% on input line 82.
 [23pdfTeX warning (ext4): destination with the same identifier (name{figure.Al
ph3.5}) has been already used, duplicate ignored

\AtBegShi@Output ...ipout \box \AtBeginShipoutBox 
                                                  \fi \fi 
l.82 		\item
             \textbf{username}: Contiene el nombre del usuario, es un campo ...
 <./img/diseño/usuarios.png>]
LaTeX Info: Redefining \. on input line 105.
LaTeX Info: Redefining \% on input line 105.

Overfull \vbox (0.85403pt too high) has occurred while \output is active []


[24]
LaTeX Info: Redefining \. on input line 138.
LaTeX Info: Redefining \% on input line 138.
 [25]
<./img/diseño/diagramaNavegabilidad.png, id=860, 826.58812pt x 344.03531pt>
File: ./img/diseño/diagramaNavegabilidad.png Graphic file (type png)
<use ./img/diseño/diagramaNavegabilidad.png>
Package pdftex.def Info: ./img/diseño/diagramaNavegabilidad.png  used on input
 line 151.
(pdftex.def)             Requested size: 344.69766pt x 143.47018pt.
LaTeX Info: Redefining \. on input line 162.
LaTeX Info: Redefining \% on input line 162.

Overfull \vbox (0.85403pt too high) has occurred while \output is active []


[26pdfTeX warning (ext4): destination with the same identifier (name{figure.Alp
h3.6}) has been already used, duplicate ignored

\AtBegShi@Output ...ipout \box \AtBeginShipoutBox 
                                                  \fi \fi 
l.162 \end{itemize}
                    <./img/diseño/diagramaNavegabilidad.png>])
LaTeX Info: Redefining \. on input line 490.
LaTeX Info: Redefining \% on input line 490.

Overfull \vbox (0.85403pt too high) has occurred while \output is active []


[27]
\openout2 = `./tex/D_Manual_programador.aux'.

 (tex/D_Manual_programador.tex [28



]
Overfull \hbox (2.70956pt too wide) in paragraph at lines 17--18
[]\T1/lmr/bx/sc/12 /Latex/anexo.pdf\T1/lmr/m/n/12 (-20) : Es el do-cu-men-to qu
e con-tie-ne los anexos
 []

[29]
Overfull \hbox (8.63208pt too wide) in paragraph at lines 28--29
[]\T1/lmr/bx/sc/12 /Proyectos/arbubu/aplicaciones/principal/init.py\T1/lmr/m/n/
12 (-20) :
 []


Overfull \hbox (24.94458pt too wide) in paragraph at lines 29--30
[]\T1/lmr/bx/sc/12 /Proyectos/arbubu/aplicaciones/principal/admin.py\T1/lmr/m/n
/12 (-20) :
 []


Overfull \hbox (15.26956pt too wide) in paragraph at lines 30--31
[]\T1/lmr/bx/sc/12 /Proyectos/arbubu/aplicaciones/principal/apps.py\T1/lmr/m/n/
12 (-20) :
 []


Overfull \hbox (21.34605pt too wide) in paragraph at lines 31--32
[]\T1/lmr/bx/sc/12 /Proyectos/arbubu/aplicaciones/principal/forms.py\T1/lmr/m/n
/12 (-20) :
 []


Overfull \hbox (29.49205pt too wide) in paragraph at lines 32--33
[]\T1/lmr/bx/sc/12 /Proyectos/arbubu/aplicaciones/principal/models.py\T1/lmr/m/
n/12 (-20) :
 []


Overfull \hbox (10.47105pt too wide) in paragraph at lines 33--34
[]\T1/lmr/bx/sc/12 /Proyectos/arbubu/aplicaciones/principal/urls.py\T1/lmr/m/n/
12 (-20) :
 []


Overfull \hbox (20.49205pt too wide) in paragraph at lines 34--35
[]\T1/lmr/bx/sc/12 /Proyectos/arbubu/aplicaciones/principal/views.py\T1/lmr/m/n
/12 (-20) :
 []

LaTeX Info: Redefining \. on input line 36.
LaTeX Info: Redefining \% on input line 36.

Overfull \vbox (0.85403pt too high) has occurred while \output is active []


[30]
Overfull \hbox (4.69817pt too wide) in paragraph at lines 48--49
[]\T1/lmr/bx/sc/12 /Proyectos/arbubu/templates/principal/especies\T1/lmr/m/n/12
 (-20) :
 []


Overfull \hbox (3.01822pt too wide) in paragraph at lines 49--50
[]\T1/lmr/bx/sc/12 /Proyectos/arbubu/templates/principal/familias\T1/lmr/m/n/12
 (-20) :
 []


Overfull \hbox (2.10219pt too wide) in paragraph at lines 50--51
[]\T1/lmr/bx/sc/12 /Proyectos/arbubu/templates/principal/generos\T1/lmr/m/n/12 
(-20) :
 []


Overfull \hbox (18.39322pt too wide) in paragraph at lines 51--52
[]\T1/lmr/bx/sc/12 /Proyectos/arbubu/templates/principal/individuos\T1/lmr/m/n/
12 (-20) :
 []


Overfull \hbox (67.04906pt too wide) in paragraph at lines 52--53
[]\T1/lmr/bx/sc/12 /Proyectos/arbubu/templates/principal/addIndividuo.html\T1/l
mr/m/n/12 (-20) :
 []

LaTeX Info: Redefining \. on input line 53.
LaTeX Info: Redefining \% on input line 53.
[31]
Overfull \hbox (35.8385pt too wide) in paragraph at lines 53--54
[]\T1/lmr/bx/sc/12 /Proyectos/arbubu/templates/principal/especies.html\T1/lmr/m
/n/12 (-20) :
 []


Overfull \hbox (34.15855pt too wide) in paragraph at lines 54--55
[]\T1/lmr/bx/sc/12 /Proyectos/arbubu/templates/principal/familias.html\T1/lmr/m
/n/12 (-20) :
 []


Overfull \hbox (33.24252pt too wide) in paragraph at lines 55--56
[]\T1/lmr/bx/sc/12 /Proyectos/arbubu/templates/principal/generos.html\T1/lmr/m/
n/12 (-20) :
 []


Overfull \hbox (21.11856pt too wide) in paragraph at lines 56--57
[]\T1/lmr/bx/sc/12 /Proyectos/arbubu/templates/principal/index.html\T1/lmr/m/n/
12 (-20) :
 []


Overfull \hbox (49.53355pt too wide) in paragraph at lines 57--58
[]\T1/lmr/bx/sc/12 /Proyectos/arbubu/templates/principal/individuos.html\T1/lmr
/m/n/12 (-20) :
 []


Overfull \hbox (19.07323pt too wide) in paragraph at lines 58--59
[]\T1/lmr/bx/sc/12 /Proyectos/arbubu/templates/principal/individuos-
 []


Overfull \hbox (19.07323pt too wide) in paragraph at lines 59--60
[]\T1/lmr/bx/sc/12 /Proyectos/arbubu/templates/principal/individuos-
 []


Overfull \hbox (19.07323pt too wide) in paragraph at lines 60--61
[]\T1/lmr/bx/sc/12 /Proyectos/arbubu/templates/principal/individuos-
 []


Overfull \hbox (19.07323pt too wide) in paragraph at lines 61--62
[]\T1/lmr/bx/sc/12 /Proyectos/arbubu/templates/principal/individuos-
 []


Overfull \hbox (19.07323pt too wide) in paragraph at lines 62--63
[]\T1/lmr/bx/sc/12 /Proyectos/arbubu/templates/principal/individuos-
 []


Overfull \hbox (65.22002pt too wide) in paragraph at lines 63--64
[]\T1/lmr/bx/sc/12 /Proyectos/arbubu/templates/principal/iniciar-sesion.html\T1
/lmr/m/n/12 (-20) :
 []

LaTeX Info: Redefining \. on input line 64.
LaTeX Info: Redefining \% on input line 64.

Overfull \vbox (0.85403pt too high) has occurred while \output is active []


[32]
Overfull \hbox (1.52472pt too wide) in paragraph at lines 64--65
[]\T1/lmr/bx/sc/12 /Proyectos/arbubu/templates/principal/usuario-
 []


Overfull \hbox (5.6448pt too wide) in paragraph at lines 65--66
[]\T1/lmr/bx/sc/12 /Proyectos/arbubu/db.sqlite3\T1/lmr/m/n/12 (-20) : Es el ar-
chi-vo que guar-
 []

LaTeX Font Info:    External font `lmex10' loaded for size
(Font)              <10> on input line 76.
LaTeX Font Info:    External font `lmex10' loaded for size
(Font)              <7> on input line 76.
LaTeX Font Info:    External font `lmex10' loaded for size
(Font)              <5> on input line 76.
<./img/manualProgramador/atom.png, id=895, 1015.54407pt x 498.36188pt>
File: ./img/manualProgramador/atom.png Graphic file (type png)
<use ./img/manualProgramador/atom.png>
Package pdftex.def Info: ./img/manualProgramador/atom.png  used on input line 7
7.
(pdftex.def)             Requested size: 344.69766pt x 169.15182pt.
<./img/manualProgramador/instalarDjango.png, id=896, 977.15062pt x 165.61874pt>

File: ./img/manualProgramador/instalarDjango.png Graphic file (type png)
<use ./img/manualProgramador/instalarDjango.png>
Package pdftex.def Info: ./img/manualProgramador/instalarDjango.png  used on in
put line 80.
(pdftex.def)             Requested size: 344.69766pt x 58.4223pt.
LaTeX Info: Redefining \. on input line 80.
LaTeX Info: Redefining \% on input line 80.
[33pdfTeX warning (ext4): destination with the same identifier (name{figure.Alp
h4.1}) has been already used, duplicate ignored

\AtBegShi@Output ...ipout \box \AtBeginShipoutBox 
                                                  \fi \fi 
l.80 ...ogramador/instalarDjango}{Instalar Django}
                                                   <./img/manualProgramador/ato
m.png>]
<./img/manualProgramador/python.png, id=908, 1027.58907pt x 428.35031pt>
File: ./img/manualProgramador/python.png Graphic file (type png)
<use ./img/manualProgramador/python.png>
Package pdftex.def Info: ./img/manualProgramador/python.png  used on input line
 83.
(pdftex.def)             Requested size: 344.69766pt x 143.68942pt.
<./img/manualProgramador/entornoVirtual.png, id=909, 659.46375pt x 237.88875pt>

File: ./img/manualProgramador/entornoVirtual.png Graphic file (type png)
<use ./img/manualProgramador/entornoVirtual.png>
Package pdftex.def Info: ./img/manualProgramador/entornoVirtual.png  used on in
put line 89.
(pdftex.def)             Requested size: 344.69766pt x 124.34534pt.


LaTeX Warning: `!h' float specifier changed to `!ht'.

LaTeX Info: Redefining \. on input line 89.
LaTeX Info: Redefining \% on input line 89.

Overfull \vbox (0.85403pt too high) has occurred while \output is active []


[34pdfTeX warning (ext4): destination with the same identifier (name{figure.Alp
h4.2}) has been already used, duplicate ignored

\AtBegShi@Output ...ipout \box \AtBeginShipoutBox 
                                                  \fi \fi 
l.89 ...dor/entornoVirtual}{Crear Entorno Virtual}
                                                  pdfTeX warning (ext4): destin
ation with the same identifier (name{figure.Alph4.3}) has been already used, du
plicate ignored

\AtBegShi@Output ...ipout \box \AtBeginShipoutBox 
                                                  \fi \fi 
l.89 ...dor/entornoVirtual}{Crear Entorno Virtual}
                                                   <./img/manualProgramador/ins
talarDjango.png> <./img/manualProgramador/python.png>]
<./img/manualProgramador/crearProyectoDjango.png, id=917, 569.12625pt x 48.18pt
>
File: ./img/manualProgramador/crearProyectoDjango.png Graphic file (type png)
<use ./img/manualProgramador/crearProyectoDjango.png>
Package pdftex.def Info: ./img/manualProgramador/crearProyectoDjango.png  used 
on input line 92.
(pdftex.def)             Requested size: 344.69766pt x 29.18169pt.
<./img/manualProgramador/crearAplicacionPrincipal.png, id=918, 598.48593pt x 40
.65187pt>
File: ./img/manualProgramador/crearAplicacionPrincipal.png Graphic file (type p
ng)
<use ./img/manualProgramador/crearAplicacionPrincipal.png>
Package pdftex.def Info: ./img/manualProgramador/crearAplicacionPrincipal.png  
used on input line 95.
(pdftex.def)             Requested size: 344.69766pt x 23.41371pt.
<./img/manualProgramador/crearUsuario.png, id=919, 601.4972pt x 132.495pt>
File: ./img/manualProgramador/crearUsuario.png Graphic file (type png)
<use ./img/manualProgramador/crearUsuario.png>
Package pdftex.def Info: ./img/manualProgramador/crearUsuario.png  used on inpu
t line 98.
(pdftex.def)             Requested size: 344.69766pt x 75.9313pt.
<./img/manualProgramador/instalarPillow.png, id=920, 987.69pt x 132.495pt>
File: ./img/manualProgramador/instalarPillow.png Graphic file (type png)
<use ./img/manualProgramador/instalarPillow.png>
Package pdftex.def Info: ./img/manualProgramador/instalarPillow.png  used on in
put line 101.
(pdftex.def)             Requested size: 344.69766pt x 46.23848pt.
LaTeX Info: Redefining \. on input line 101.
LaTeX Info: Redefining \% on input line 101.
 [35pdfTeX warning (ext4): destination with the same identifier (name{figure.Al
ph4.4}) has been already used, duplicate ignored

\AtBegShi@Output ...ipout \box \AtBeginShipoutBox 
                                                  \fi \fi 
l.101 ...gramador/instalarPillow}{Instalar Pillow}
                                                  pdfTeX warning (ext4): destin
ation with the same identifier (name{figure.Alph4.5}) has been already used, du
plicate ignored

\AtBegShi@Output ...ipout \box \AtBeginShipoutBox 
                                                  \fi \fi 
l.101 ...gramador/instalarPillow}{Instalar Pillow}
                                                  pdfTeX warning (ext4): destin
ation with the same identifier (name{figure.Alph4.6}) has been already used, du
plicate ignored

\AtBegShi@Output ...ipout \box \AtBeginShipoutBox 
                                                  \fi \fi 
l.101 ...gramador/instalarPillow}{Instalar Pillow}
                                                  pdfTeX warning (ext4): destin
ation with the same identifier (name{figure.Alph4.7}) has been already used, du
plicate ignored

\AtBegShi@Output ...ipout \box \AtBeginShipoutBox 
                                                  \fi \fi 
l.101 ...gramador/instalarPillow}{Instalar Pillow}
                                                   <./img/manualProgramador/ent
ornoVirtual.png> <./img/manualProgramador/crearProyectoDjango.png> <./img/manua
lProgramador/crearAplicacionPrincipal.png> <./img/manualProgramador/crearUsuari
o.png>]
<./img/manualProgramador/activarEntornoVirtual.png, id=931, 506.6428pt x 97.112
81pt>
File: ./img/manualProgramador/activarEntornoVirtual.png Graphic file (type png)

<use ./img/manualProgramador/activarEntornoVirtual.png>
Package pdftex.def Info: ./img/manualProgramador/activarEntornoVirtual.png  use
d on input line 116.
(pdftex.def)             Requested size: 344.69766pt x 66.07288pt.
<./img/manualProgramador/ejecutarProyecto.png, id=932, 417.05812pt x 132.495pt>

File: ./img/manualProgramador/ejecutarProyecto.png Graphic file (type png)
<use ./img/manualProgramador/ejecutarProyecto.png>
Package pdftex.def Info: ./img/manualProgramador/ejecutarProyecto.png  used on 
input line 119.
(pdftex.def)             Requested size: 344.69766pt x 109.51187pt.


LaTeX Warning: `!h' float specifier changed to `!ht'.

LaTeX Info: Redefining \. on input line 119.
LaTeX Info: Redefining \% on input line 119.

Overfull \vbox (0.85403pt too high) has occurred while \output is active []


[36pdfTeX warning (ext4): destination with the same identifier (name{figure.Alp
h4.8}) has been already used, duplicate ignored

\AtBegShi@Output ...ipout \box \AtBeginShipoutBox 
                                                  \fi \fi 
l.119 ...ador/ejecutarProyecto}{Ejecutar proyecto}
                                                  pdfTeX warning (ext4): destin
ation with the same identifier (name{figure.Alph4.9}) has been already used, du
plicate ignored

\AtBegShi@Output ...ipout \box \AtBeginShipoutBox 
                                                  \fi \fi 
l.119 ...ador/ejecutarProyecto}{Ejecutar proyecto}
                                                   <./img/manualProgramador/ins
talarPillow.png> <./img/manualProgramador/activarEntornoVirtual.png>]
<./img/manualProgramador/contraseñaVacia.png, id=941, 995.97093pt x 408.02437p
t>
File: ./img/manualProgramador/contraseñaVacia.png Graphic file (type png)
<use ./img/manualProgramador/contraseñaVacia.png>
Package pdftex.def Info: ./img/manualProgramador/contraseñaVacia.png  used on 
input line 130.
(pdftex.def)             Requested size: 344.69766pt x 141.21683pt.
<./img/manualProgramador/usuarioVacio.png, id=942, 998.22937pt x 282.30469pt>
File: ./img/manualProgramador/usuarioVacio.png Graphic file (type png)
<use ./img/manualProgramador/usuarioVacio.png>
Package pdftex.def Info: ./img/manualProgramador/usuarioVacio.png  used on inpu
t line 132.
(pdftex.def)             Requested size: 344.69766pt x 97.48137pt.


LaTeX Warning: `!h' float specifier changed to `!ht'.

LaTeX Info: Redefining \. on input line 132.
LaTeX Info: Redefining \% on input line 132.
[37pdfTeX warning (ext4): destination with the same identifier (name{figure.Alp
h4.10}) has been already used, duplicate ignored

\AtBegShi@Output ...ipout \box \AtBeginShipoutBox 
                                                  \fi \fi 
l.132 ...mador/usuarioVacio}{Campo usuario vacío}
                                                  pdfTeX warning (ext4): destin
ation with the same identifier (name{figure.Alph4.11}) has been already used, d
uplicate ignored

\AtBegShi@Output ...ipout \box \AtBeginShipoutBox 
                                                  \fi \fi 
l.132 ...mador/usuarioVacio}{Campo usuario vacío}
                                                   <./img/manualProgramador/eje
cutarProyecto.png> <./img/manualProgramador/contraseñaVacia.png>]
<./img/manualProgramador/camposIncorrectos.png, id=950, 994.46532pt x 325.96782
pt>
File: ./img/manualProgramador/camposIncorrectos.png Graphic file (type png)
<use ./img/manualProgramador/camposIncorrectos.png>
Package pdftex.def Info: ./img/manualProgramador/camposIncorrectos.png  used on
 input line 134.
(pdftex.def)             Requested size: 344.69766pt x 112.98624pt.
<./img/manualProgramador/emailVacio.png, id=951, 998.9822pt x 487.06969pt>
File: ./img/manualProgramador/emailVacio.png Graphic file (type png)
<use ./img/manualProgramador/emailVacio.png>
Package pdftex.def Info: ./img/manualProgramador/emailVacio.png  used on input 
line 136.
(pdftex.def)             Requested size: 344.69766pt x 168.06151pt.


LaTeX Warning: `!h' float specifier changed to `!ht'.

LaTeX Info: Redefining \. on input line 136.
LaTeX Info: Redefining \% on input line 136.

Overfull \vbox (0.85403pt too high) has occurred while \output is active []


[38pdfTeX warning (ext4): destination with the same identifier (name{figure.Alp
h4.12}) has been already used, duplicate ignored

\AtBegShi@Output ...ipout \box \AtBeginShipoutBox 
                                                  \fi \fi 
l.136 ...ogramador/emailVacio}{Campo email vacío}
                                                  pdfTeX warning (ext4): destin
ation with the same identifier (name{figure.Alph4.13}) has been already used, d
uplicate ignored

\AtBegShi@Output ...ipout \box \AtBeginShipoutBox 
                                                  \fi \fi 
l.136 ...ogramador/emailVacio}{Campo email vacío}
                                                   <./img/manualProgramador/usu
arioVacio.png> <./img/manualProgramador/camposIncorrectos.png>]
<./img/manualProgramador/usuarioValidado.png, id=958, 893.58844pt x 490.83376pt
>
File: ./img/manualProgramador/usuarioValidado.png Graphic file (type png)
<use ./img/manualProgramador/usuarioValidado.png>
Package pdftex.def Info: ./img/manualProgramador/usuarioValidado.png  used on i
nput line 138.
(pdftex.def)             Requested size: 344.69766pt x 189.33481pt.
<./img/manualProgramador/contraseñasDistintas.png, id=959, 893.58844pt x 493.8
45pt>
File: ./img/manualProgramador/contraseñasDistintas.png Graphic file (type png)

<use ./img/manualProgramador/contraseñasDistintas.png>
Package pdftex.def Info: ./img/manualProgramador/contraseñasDistintas.png  use
d on input line 140.
(pdftex.def)             Requested size: 344.69766pt x 190.49637pt.


LaTeX Warning: `!h' float specifier changed to `!ht'.

LaTeX Info: Redefining \. on input line 140.
LaTeX Info: Redefining \% on input line 140.
[39pdfTeX warning (ext4): destination with the same identifier (name{figure.Alp
h4.14}) has been already used, duplicate ignored

\AtBegShi@Output ...ipout \box \AtBeginShipoutBox 
                                                  \fi \fi 
l.140 ...aseñasDistintas}{Contraseñas distintas}
                                                  pdfTeX warning (ext4): destin
ation with the same identifier (name{figure.Alph4.15}) has been already used, d
uplicate ignored

\AtBegShi@Output ...ipout \box \AtBeginShipoutBox 
                                                  \fi \fi 
l.140 ...aseñasDistintas}{Contraseñas distintas}
                                                   <./img/manualProgramador/ema
ilVacio.png> <./img/manualProgramador/usuarioValidado.png>])
LaTeX Info: Redefining \. on input line 491.
LaTeX Info: Redefining \% on input line 491.

Overfull \vbox (0.85403pt too high) has occurred while \output is active []


[40pdfTeX warning (ext4): destination with the same identifier (name{figure.Alp
h4.16}) has been already used, duplicate ignored

\AtBegShi@Output ...ipout \box \AtBeginShipoutBox 
                                                  \fi \fi 
l.491 	\include{./tex/D_Manual_programador}
                                            <./img/manualProgramador/contraseñ
asDistintas.png>]
\openout2 = `./tex/E_Manual_usuario.aux'.

 (tex/E_Manual_usuario.tex [41



]
<./img/manualUsuario/portadaSinRegistrar.png, id=978, 1005.7575pt x 495.35063pt
>
File: ./img/manualUsuario/portadaSinRegistrar.png Graphic file (type png)
<use ./img/manualUsuario/portadaSinRegistrar.png>
Package pdftex.def Info: ./img/manualUsuario/portadaSinRegistrar.png  used on i
nput line 34.
(pdftex.def)             Requested size: 344.69766pt x 169.76239pt.
LaTeX Info: Redefining \. on input line 36.
LaTeX Info: Redefining \% on input line 36.

Overfull \vbox (0.85403pt too high) has occurred while \output is active []


[42pdfTeX warning (ext4): destination with the same identifier (name{figure.Alp
h5.1}) has been already used, duplicate ignored

\AtBegShi@Output ...ipout \box \AtBeginShipoutBox 
                                                  \fi \fi 
l.36 N
      os encontraremos con esta página \imagen{manualUsuario/registrarse}{R...
 <./img/manualUsuario/portadaSinRegistrar.png>]
<./img/manualUsuario/registrarse.png, id=986, 897.3525pt x 496.10344pt>
File: ./img/manualUsuario/registrarse.png Graphic file (type png)
<use ./img/manualUsuario/registrarse.png>
Package pdftex.def Info: ./img/manualUsuario/registrarse.png  used on input lin
e 36.
(pdftex.def)             Requested size: 344.69766pt x 190.56514pt.
<./img/manualUsuario/portadaConRegistro.png, id=987, 991.45406pt x 495.35063pt>

File: ./img/manualUsuario/portadaConRegistro.png Graphic file (type png)
<use ./img/manualUsuario/portadaConRegistro.png>
Package pdftex.def Info: ./img/manualUsuario/portadaConRegistro.png  used on in
put line 36.
(pdftex.def)             Requested size: 344.69766pt x 172.21887pt.
LaTeX Info: Redefining \. on input line 41.
LaTeX Info: Redefining \% on input line 41.
 [43pdfTeX warning (ext4): destination with the same identifier (name{figure.Al
ph5.2}) has been already used, duplicate ignored

\AtBegShi@Output ...ipout \box \AtBeginShipoutBox 
                                                  \fi \fi 
l.41 
     pdfTeX warning (ext4): destination with the same identifier (name{figure.A
lph5.3}) has been already used, duplicate ignored

\AtBegShi@Output ...ipout \box \AtBeginShipoutBox 
                                                  \fi \fi 
l.41 
      <./img/manualUsuario/registrarse.png> <./img/manualUsuario/portadaConRegi
stro.png>]
<./img/manualUsuario/iniciaSesion.png, id=995, 995.97093pt x 261.97874pt>
File: ./img/manualUsuario/iniciaSesion.png Graphic file (type png)
<use ./img/manualUsuario/iniciaSesion.png>
Package pdftex.def Info: ./img/manualUsuario/iniciaSesion.png  used on input li
ne 42.
(pdftex.def)             Requested size: 344.69766pt x 90.67058pt.
<./img/manualUsuario/paginaUbuVerde.png, id=999, 1003.49907pt x 488.57532pt>
File: ./img/manualUsuario/paginaUbuVerde.png Graphic file (type png)
<use ./img/manualUsuario/paginaUbuVerde.png>
Package pdftex.def Info: ./img/manualUsuario/paginaUbuVerde.png  used on input 
line 51.
(pdftex.def)             Requested size: 344.69766pt x 167.82806pt.


LaTeX Warning: `!h' float specifier changed to `!ht'.

LaTeX Info: Redefining \. on input line 51.
LaTeX Info: Redefining \% on input line 51.

Overfull \vbox (0.85403pt too high) has occurred while \output is active []


[44pdfTeX warning (ext4): destination with the same identifier (name{figure.Alp
h5.4}) has been already used, duplicate ignored

\AtBegShi@Output ...ipout \box \AtBeginShipoutBox 
                                                  \fi \fi 
l.51 ...lUsuario/paginaUbuVerde}{Página UbuVerde}
                                                   <./img/manualUsuario/iniciaS
esion.png>]
<./img/manualUsuario/pdf.png, id=1009, 757.32938pt x 444.15938pt>
File: ./img/manualUsuario/pdf.png Graphic file (type png)
<use ./img/manualUsuario/pdf.png>
Package pdftex.def Info: ./img/manualUsuario/pdf.png  used on input line 61.
(pdftex.def)             Requested size: 344.69766pt x 202.1606pt.


LaTeX Warning: `!h' float specifier changed to `!ht'.

LaTeX Info: Redefining \. on input line 61.
LaTeX Info: Redefining \% on input line 61.
[45pdfTeX warning (ext4): destination with the same identifier (name{figure.Alp
h5.5}) has been already used, duplicate ignored

\AtBegShi@Output ...ipout \box \AtBeginShipoutBox 
                                                  \fi \fi 
l.61 .... \imagen{manualUsuario/pdf}{PDF árboles}
                                                   <./img/manualUsuario/paginaU
buVerde.png>]
<./img/manualUsuario/agregarArbol.png, id=1017, 904.1278pt x 496.10344pt>
File: ./img/manualUsuario/agregarArbol.png Graphic file (type png)
<use ./img/manualUsuario/agregarArbol.png>
Package pdftex.def Info: ./img/manualUsuario/agregarArbol.png  used on input li
ne 65.
(pdftex.def)             Requested size: 344.69766pt x 189.13441pt.
LaTeX Info: Redefining \. on input line 67.
LaTeX Info: Redefining \% on input line 67.

Overfull \vbox (0.85403pt too high) has occurred while \output is active []


[46pdfTeX warning (ext4): destination with the same identifier (name{figure.Alp
h5.6}) has been already used, duplicate ignored

\AtBegShi@Output ...ipout \box \AtBeginShipoutBox 
                                                  \fi \fi 
l.67 \subsection
                {Ver Mapa}pdfTeX warning (ext4): destination with the same iden
tifier (name{figure.Alph5.7}) has been already used, duplicate ignored

\AtBegShi@Output ...ipout \box \AtBeginShipoutBox 
                                                  \fi \fi 
l.67 \subsection
                {Ver Mapa} <./img/manualUsuario/pdf.png> <./img/manualUsuario/a
gregarArbol.png>]
<./img/manualUsuario/arbolMapa.png, id=1025, 1008.01593pt x 494.59781pt>
File: ./img/manualUsuario/arbolMapa.png Graphic file (type png)
<use ./img/manualUsuario/arbolMapa.png>
Package pdftex.def Info: ./img/manualUsuario/arbolMapa.png  used on input line 
69.
(pdftex.def)             Requested size: 344.69766pt x 169.12703pt.
<./img/manualUsuario/pantallaArbol.png, id=1028, 995.97093pt x 477.28313pt>
File: ./img/manualUsuario/pantallaArbol.png Graphic file (type png)
<use ./img/manualUsuario/pantallaArbol.png>
Package pdftex.def Info: ./img/manualUsuario/pantallaArbol.png  used on input l
ine 74.
(pdftex.def)             Requested size: 344.69766pt x 165.18721pt.


LaTeX Warning: `!h' float specifier changed to `!ht'.

LaTeX Info: Redefining \. on input line 74.
LaTeX Info: Redefining \% on input line 74.
[47pdfTeX warning (ext4): destination with the same identifier (name{figure.Alp
h5.8}) has been already used, duplicate ignored

\AtBegShi@Output ...ipout \box \AtBeginShipoutBox 
                                                  \fi \fi 
l.74 ...nualUsuario/pantallaArbol}{Pantalla Arbol}
                                                   <./img/manualUsuario/arbolMa
pa.png>]
<./img/manualUsuario/pantallaFamilia.png, id=1037, 792.71156pt x 447.17062pt>
File: ./img/manualUsuario/pantallaFamilia.png Graphic file (type png)
<use ./img/manualUsuario/pantallaFamilia.png>
Package pdftex.def Info: ./img/manualUsuario/pantallaFamilia.png  used on input
 line 79.
(pdftex.def)             Requested size: 344.69766pt x 194.44942pt.
<./img/manualUsuario/pantallaFamilia2.png, id=1039, 991.45406pt x 490.08093pt>
File: ./img/manualUsuario/pantallaFamilia2.png Graphic file (type png)
<use ./img/manualUsuario/pantallaFamilia2.png>
Package pdftex.def Info: ./img/manualUsuario/pantallaFamilia2.png  used on inpu
t line 82.
(pdftex.def)             Requested size: 344.69766pt x 170.38675pt.
LaTeX Info: Redefining \. on input line 82.
LaTeX Info: Redefining \% on input line 82.

Overfull \vbox (0.85403pt too high) has occurred while \output is active []


[48pdfTeX warning (ext4): destination with the same identifier (name{figure.Alp
h5.9}) has been already used, duplicate ignored

\AtBegShi@Output ...ipout \box \AtBeginShipoutBox 
                                                  \fi \fi 
l.82 ...ntallaFamilia2}{Segunda Pantalla Familias}
                                                  pdfTeX warning (ext4): destin
ation with the same identifier (name{figure.Alph5.10}) has been already used, d
uplicate ignored

\AtBegShi@Output ...ipout \box \AtBeginShipoutBox 
                                                  \fi \fi 
l.82 ...ntallaFamilia2}{Segunda Pantalla Familias}
                                                   <./img/manualUsuario/pantall
aArbol.png> <./img/manualUsuario/pantallaFamilia.png>]
<./img/manualUsuario/pantallaFamilia3.png, id=1047, 983.17313pt x 483.30562pt>
File: ./img/manualUsuario/pantallaFamilia3.png Graphic file (type png)
<use ./img/manualUsuario/pantallaFamilia3.png>
Package pdftex.def Info: ./img/manualUsuario/pantallaFamilia3.png  used on inpu
t line 85.
(pdftex.def)             Requested size: 344.69766pt x 169.44711pt.
<./img/manualUsuario/pantallaFamilia4.png, id=1048, 886.81313pt x 494.59781pt>
File: ./img/manualUsuario/pantallaFamilia4.png Graphic file (type png)
<use ./img/manualUsuario/pantallaFamilia4.png>
Package pdftex.def Info: ./img/manualUsuario/pantallaFamilia4.png  used on inpu
t line 88.
(pdftex.def)             Requested size: 344.69766pt x 192.25087pt.


LaTeX Warning: `!h' float specifier changed to `!ht'.

LaTeX Info: Redefining \. on input line 88.
LaTeX Info: Redefining \% on input line 88.
[49pdfTeX warning (ext4): destination with the same identifier (name{figure.Alp
h5.11}) has been already used, duplicate ignored

\AtBegShi@Output ...ipout \box \AtBeginShipoutBox 
                                                  \fi \fi 
l.88 ...antallaFamilia4}{Cuarta Pantalla Familias}
                                                  pdfTeX warning (ext4): destin
ation with the same identifier (name{figure.Alph5.12}) has been already used, d
uplicate ignored

\AtBegShi@Output ...ipout \box \AtBeginShipoutBox 
                                                  \fi \fi 
l.88 ...antallaFamilia4}{Cuarta Pantalla Familias}
                                                   <./img/manualUsuario/pantall
aFamilia2.png> <./img/manualUsuario/pantallaFamilia3.png>]
<./img/manualUsuario/pantallaGenero.png, id=1056, 903.375pt x 495.35063pt>
File: ./img/manualUsuario/pantallaGenero.png Graphic file (type png)
<use ./img/manualUsuario/pantallaGenero.png>
Package pdftex.def Info: ./img/manualUsuario/pantallaGenero.png  used on input 
line 95.
(pdftex.def)             Requested size: 344.69766pt x 189.01372pt.


LaTeX Warning: `!h' float specifier changed to `!ht'.

LaTeX Info: Redefining \. on input line 95.
LaTeX Info: Redefining \% on input line 95.

Overfull \vbox (0.85403pt too high) has occurred while \output is active []


[50pdfTeX warning (ext4): destination with the same identifier (name{figure.Alp
h5.13}) has been already used, duplicate ignored

\AtBegShi@Output ...ipout \box \AtBeginShipoutBox 
                                                  \fi \fi 
l.95 ...Usuario/pantallaGenero}{Pantalla Géneros}
                                                   <./img/manualUsuario/pantall
aFamilia4.png>]
<./img/manualUsuario/pantallaEspecies.png, id=1067, 884.55469pt x 492.33937pt>
File: ./img/manualUsuario/pantallaEspecies.png Graphic file (type png)
<use ./img/manualUsuario/pantallaEspecies.png>
Package pdftex.def Info: ./img/manualUsuario/pantallaEspecies.png  used on inpu
t line 106.
(pdftex.def)             Requested size: 344.69766pt x 191.86133pt.


LaTeX Warning: `!h' float specifier changed to `!ht'.

LaTeX Info: Redefining \. on input line 106.
LaTeX Info: Redefining \% on input line 106.
[51pdfTeX warning (ext4): destination with the same identifier (name{figure.Alp
h5.14}) has been already used, duplicate ignored

\AtBegShi@Output ...ipout \box \AtBeginShipoutBox 
                                                  \fi \fi 
l.106 ...ario/pantallaEspecies}{Pantalla Especies}
                                                   <./img/manualUsuario/pantall
aGenero.png>]
<./img/manualUsuario/pantallaIndividuos.png, id=1077, 988.44281pt x 491.58656pt
>
File: ./img/manualUsuario/pantallaIndividuos.png Graphic file (type png)
<use ./img/manualUsuario/pantallaIndividuos.png>
Package pdftex.def Info: ./img/manualUsuario/pantallaIndividuos.png  used on in
put line 115.
(pdftex.def)             Requested size: 344.69766pt x 171.42778pt.


LaTeX Warning: `!h' float specifier changed to `!ht'.

LaTeX Info: Redefining \. on input line 115.
LaTeX Info: Redefining \% on input line 115.

Overfull \vbox (0.85403pt too high) has occurred while \output is active []


[52pdfTeX warning (ext4): destination with the same identifier (name{figure.Alp
h5.15}) has been already used, duplicate ignored

\AtBegShi@Output ...ipout \box \AtBeginShipoutBox 
                                                  \fi \fi 
l.115 .../pantallaIndividuos}{Pantalla Individuos}
                                                   <./img/manualUsuario/pantall
aEspecies.png>]
<./img/manualUsuario/pantallaIndividuos2.png, id=1084, 992.20688pt x 492.33937p
t>
File: ./img/manualUsuario/pantallaIndividuos2.png Graphic file (type png)
<use ./img/manualUsuario/pantallaIndividuos2.png>
Package pdftex.def Info: ./img/manualUsuario/pantallaIndividuos2.png  used on i
nput line 117.
(pdftex.def)             Requested size: 344.69766pt x 171.03671pt.
)
LaTeX Info: Redefining \. on input line 492.
LaTeX Info: Redefining \% on input line 492.
 [53pdfTeX warning (ext4): destination with the same identifier (name{figure.Al
ph5.16}) has been already used, duplicate ignored

\AtBegShi@Output ...ipout \box \AtBeginShipoutBox 
                                                  \fi \fi 
l.492 	\include{./tex/E_Manual_usuario}
                                       pdfTeX warning (ext4): destination with 
the same identifier (name{figure.Alph5.17}) has been already used, duplicate ig
nored

\AtBegShi@Output ...ipout \box \AtBeginShipoutBox 
                                                  \fi \fi 
l.492 	\include{./tex/E_Manual_usuario}
                                        <./img/manualUsuario/pantallaIndividuos
.png> <./img/manualUsuario/pantallaIndividuos2.png>] (anexos.bbl [54


]
bibitemlist
LaTeX Font Info:    Trying to load font information for T1+lmtt on input line 5
.
("C:\Users\felix\AppData\Local\Programs\MiKTeX 2.9\tex/latex/lm\t1lmtt.fd"
File: t1lmtt.fd 2009/10/30 v1.6 Font defs for Latin Modern
)
Package microtype Info: Loading generic protrusion settings for font family
(microtype)             `lmtt' (encoding: T1).
(microtype)             For optimal results, create family-specific settings.
(microtype)             See the microtype manual for details.

Underfull \hbox (badness 10000) in paragraph at lines 8--14
[]\T1/lmr/m/n/12 (+20) ASP Gems Jo-s.  Me-to-do-lo-ga de desa-rro-llo de soft
-
 []


Underfull \hbox (badness 10000) in paragraph at lines 8--14
\T1/lmr/m/n/12 (+20) wa-re (iii)  mo-de-lo en es-pi-ral.  [][]$\T1/lmtt/m/n/12
 https : / / aspgems . com /
 []


Overfull \hbox (11.34358pt too wide) in paragraph at lines 8--14
\T1/lmtt/m/n/12 metodologia-[]de-[]desarrollo-[]de-[]software-[]iii-[]modelo-[]
en-[]espiral/$[][]\T1/lmr/m/n/12 (-20) ,
 []


Underfull \hbox (badness 10000) in paragraph at lines 16--22
\T1/lmr/m/n/12 (+20) 2019.  [][]$\T1/lmtt/m/n/12 http : / / www . seg-[]social 
. es / wps / portal / wss / internet /
 []


Underfull \hbox (badness 10000) in paragraph at lines 16--22
\T1/lmtt/m/n/12 Trabajadores / CotizacionRecaudacionTrabajadores / 36537$[][]\T
1/lmr/m/n/12 (+20) , 2019.
 []


Underfull \hbox (badness 6428) in paragraph at lines 30--36
\T1/lmtt/m/n/12 libros / django-[]1-[]0 / capitulo-[]5 / el-[]patron-[]de-[]dis
eno-[]mtv$[][]\T1/lmr/m/n/12 (+20) , 2020.
 []


Underfull \hbox (badness 2189) in paragraph at lines 50--55
\T1/lmtt/m/n/12 wikipedia . org / wiki / Python _ Software _ Foundation _ Licen
se$[][]\T1/lmr/m/n/12 (+20) , 2019.
 []

[55])

Class memoir Warning: The material used in the headers is too large
(15.35403pt) for the given head height (14.5pt), it is recommended to
either increase the head height or redesign the header
(in both cases you will find help in the memoir manual). on input line 498.

LaTeX Info: Redefining \. on input line 498.
LaTeX Info: Redefining \% on input line 498.

Overfull \vbox (0.85403pt too high) has occurred while \output is active []


[56]
\tf@toc=\write5
\openout5 = `anexos.toc'.

\tf@lof=\write6
\openout6 = `anexos.lof'.

\tf@lot=\write7
\openout7 = `anexos.lot'.

Package atveryend Info: Empty hook `BeforeClearDocument' on input line 498.
Package atveryend Info: Empty hook `AfterLastShipout' on input line 498.
 (anexos.aux
LaTeX Info: Redefining \. on input line 25.
LaTeX Info: Redefining \% on input line 25.
LaTeX Info: Redefining \. on input line 26.
LaTeX Info: Redefining \% on input line 26.
 (tex/A_Plan_proyecto.aux) (tex/B_Requisitos.aux)
(tex/C_Diseno.aux) (tex/D_Manual_programador.aux) (tex/E_Manual_usuario.aux))
Package atveryend Info: Executing hook `AtVeryEndDocument' on input line 498.
Package atveryend Info: Executing hook `AtEndAfterFileList' on input line 498.
Package rerunfilecheck Info: File `anexos.out' has not changed.
(rerunfilecheck)             Checksum: 486654224254CD664A93AE09E06EACF7;2125.


LaTeX Font Warning: Some font shapes were not available, defaults substituted.

Package atveryend Info: Empty hook `AtVeryVeryEnd' on input line 498.
 ) 
Here is how much of TeX's memory you used:
 13926 strings out of 492484
 215912 string characters out of 3121602
 379642 words of memory out of 3000000
 17589 multiletter control sequences out of 15000+200000
 92274 words of font info for 110 fonts, out of 3000000 for 9000
 1141 hyphenation exceptions out of 8191
 46i,12n,43p,575b,722s stack positions out of 5000i,500n,10000p,200000b,50000s
{C:/Users/felix/AppData/Local/Programs/MiKTeX 2.9/fonts/enc/dvips/lm/lm-ec.en
c}{C:/Users/felix/AppData/Local/Programs/MiKTeX 2.9/fonts/enc/dvips/lm/lm-maths
y.enc}<C:/Users/felix/AppData/Local/Programs/MiKTeX 2.9/fonts/type1/public/euro
sym/feymr10.pfb><C:/Users/felix/AppData/Local/Programs/MiKTeX 2.9/fonts/type1/p
ublic/lm/lmbx12.pfb><C:/Users/felix/AppData/Local/Programs/MiKTeX 2.9/fonts/typ
e1/public/lm/lmbx8.pfb><C:/Users/felix/AppData/Local/Programs/MiKTeX 2.9/fonts/
type1/public/lm/lmcsc10.pfb><C:/Users/felix/AppData/Local/Programs/MiKTeX 2.9/f
onts/type1/public/lm/lmr10.pfb><C:/Users/felix/AppData/Local/Programs/MiKTeX 2.
9/fonts/type1/public/lm/lmr12.pfb><C:/Users/felix/AppData/Local/Programs/MiKTeX
 2.9/fonts/type1/public/lm/lmr17.pfb><C:/Users/felix/AppData/Local/Programs/MiK
TeX 2.9/fonts/type1/public/lm/lmr7.pfb><C:/Users/felix/AppData/Local/Programs/M
iKTeX 2.9/fonts/type1/public/lm/lmr8.pfb><C:/Users/felix/AppData/Local/Programs
/MiKTeX 2.9/fonts/type1/public/lm/lmri12.pfb><C:/Users/felix/AppData/Local/Prog
rams/MiKTeX 2.9/fonts/type1/public/lm/lmro12.pfb><C:/Users/felix/AppData/Local/
Programs/MiKTeX 2.9/fonts/type1/public/lm/lmssbx10.pfb><C:/Users/felix/AppData/
Local/Programs/MiKTeX 2.9/fonts/type1/public/lm/lmsso17.pfb><C:/Users/felix/App
Data/Local/Programs/MiKTeX 2.9/fonts/type1/public/lm/lmsy10.pfb><C:/Users/felix
/AppData/Local/Programs/MiKTeX 2.9/fonts/type1/public/lm/lmtt12.pfb>
Output written on anexos.pdf (64 pages, 3941247 bytes).
PDF statistics:
 1228 PDF objects out of 1440 (max. 8388607)
 241 named destinations out of 1000 (max. 500000)
 25029 words of extra memory for PDF output out of 29859 (max. 10000000)

