\BOOKMARK [0][-]{section*.1}{\315ndice general}{}% 1
\BOOKMARK [0][-]{section*.2}{\315ndice de figuras}{}% 2
\BOOKMARK [0][-]{section*.3}{\315ndice de tablas}{}% 3
\BOOKMARK [0][-]{chapter*.4}{Introducci\363n}{}% 4
\BOOKMARK [1][-]{section.1.1}{Descripci\363n del contenido del trabajo}{chapter*.4}% 5
\BOOKMARK [1][-]{section.1.2}{Estructura de la memoria}{chapter*.4}% 6
\BOOKMARK [1][-]{section.1.3}{Estructura de los anexos}{chapter*.4}% 7
\BOOKMARK [1][-]{section.1.4}{Contenido del Cd}{chapter*.4}% 8
\BOOKMARK [0][-]{chapter*.5}{Objetivos del proyecto}{}% 9
\BOOKMARK [1][-]{section.2.1}{Objetivos Generales}{chapter*.5}% 10
\BOOKMARK [1][-]{section.2.2}{Objetivos T\351cnicos}{chapter*.5}% 11
\BOOKMARK [0][-]{chapter*.6}{Conceptos te\363ricos}{}% 12
\BOOKMARK [1][-]{section.3.1}{Estructura de datos}{chapter*.6}% 13
\BOOKMARK [1][-]{section.3.2}{Leaflet}{chapter*.6}% 14
\BOOKMARK [0][-]{chapter*.7}{T\351cnicas y herramientas}{}% 15
\BOOKMARK [1][-]{section.4.1}{T\351cnicas Metodol\363gicas}{chapter*.7}% 16
\BOOKMARK [1][-]{section.4.2}{Herramientas de Desarrollo}{chapter*.7}% 17
\BOOKMARK [0][-]{chapter*.16}{Aspectos relevantes del desarrollo del proyecto}{}% 18
\BOOKMARK [0][-]{chapter*.17}{Trabajos relacionados}{}% 19
\BOOKMARK [0][-]{chapter*.18}{Conclusiones y L\355neas de trabajo futuras}{}% 20
\BOOKMARK [0][-]{chapter*.19}{Bibliograf\355a}{}% 21
