This is pdfTeX, Version 3.14159265-2.6-1.40.20 (MiKTeX 2.9.7250 64-bit) (preloaded format=pdflatex 2020.1.6)  9 JAN 2020 20:53
entering extended mode
**./memoria.tex
(memoria.tex
LaTeX2e <2019-10-01> patch level 3
("C:\Users\felix\AppData\Local\Programs\MiKTeX 2.9\tex/latex/memoir\memoir.cls"
Document Class: memoir 2019/11/21 v3.7j configurable book, report, article docu
ment class
\onelineskip=\skip41
\lxvchars=\skip42
\xlvchars=\skip43
\@memcnta=\count80
\c@@memmarkcntra=\count81
LaTeX Info: Redefining \InputIfFileExists on input line 140.
("C:\Users\felix\AppData\Local\Programs\MiKTeX 2.9\tex/generic/iftex\iftex.sty"
Package: iftex 2019/11/07 v1.0c TeX engine tests
)
\stockheight=\skip44
\stockwidth=\skip45
\trimtop=\skip46
\trimedge=\skip47
 ("C:\Users\felix\AppData\Local\Programs\MiKTeX 2.9\tex/latex/memoir\mem12.clo"
File: mem12.clo 2010/10/19 v0.4b memoir class 12pt size option
)
\binding=\skip48
\spinemargin=\skip49
\foremargin=\skip50
\uppermargin=\skip51
\lowermargin=\skip52
\headdrop=\skip53
\normalrulethickness=\skip54
\mem@maxheadheight=\skip55
\mem@maxfootheight=\skip56
\headwidth=\skip57
\c@storedpagenumber=\count82
\memPD=\dimen102
\m@mabparskip=\skip58
\thanksmarkwidth=\skip59
\thanksmarksep=\skip60
\droptitle=\skip61
\c@book=\count83
\c@part=\count84
\c@chapter=\count85
\c@section=\count86
\c@subsection=\count87
\c@subsubsection=\count88
\c@paragraph=\count89
\c@subparagraph=\count90
\beforechapskip=\skip62
\midchapskip=\skip63
\afterchapskip=\skip64
\chapindent=\skip65
\bottomsectionskip=\skip66
\secindent=\skip67
\beforesecskip=\skip68
\aftersecskip=\skip69
\subsecindent=\skip70
\beforesubsecskip=\skip71
\aftersubsecskip=\skip72
\subsubsecindent=\skip73
\beforesubsubsecskip=\skip74
\aftersubsubsecskip=\skip75
\paraindent=\skip76
\beforeparaskip=\skip77
\afterparaskip=\skip78
\subparaindent=\skip79
\beforesubparaskip=\skip80
\aftersubparaskip=\skip81
\pfbreakskip=\skip82
\c@@ppsavesec=\count91
\c@@ppsaveapp=\count92
\ragrparindent=\dimen103
\everylistparindent=\dimen104
\parsepi=\skip83
\topsepi=\skip84
\itemsepi=\skip85
\parsepii=\skip86
\topsepii=\skip87
\topsepiii=\skip88
\itemsepii=\skip89
\itemsepiii=\skip90
\partopsepii=\skip91
\partopsepiii=\skip92
\m@msavetopsep=\skip93
\m@msavepartopsep=\skip94
\@enLab=\toks14
\abstitleskip=\skip95
\absleftindent=\skip96
\abs@leftindent=\dimen105
\absrightindent=\skip97
\absparindent=\skip98
\absparsep=\skip99
\c@vslineno=\count93
\c@poemline=\count94
\c@modulo@vs=\count95
\c@memfvsline=\count96
\vleftskip=\skip100
\vrightskip=\skip101
\stanzaskip=\skip102
\versewidth=\skip103
\vgap=\skip104
\vindent=\skip105
\vleftmargin=\dimen106
\c@verse=\count97
\c@chrsinstr=\count98
\beforepoemtitleskip=\skip106
\afterpoemtitleskip=\skip107
\c@poem=\count99
\beforePoemTitleskip=\skip108
\midPoemTitleskip=\skip109
\afterPoemTitleskip=\skip110
 ("C:\Users\felix\AppData\Local\Programs\MiKTeX 2.9\tex/latex/tools\array.sty"
Package: array 2019/08/31 v2.4l Tabular extension package (FMi)
\col@sep=\dimen107
\ar@mcellbox=\box27
\extrarowheight=\dimen108
\NC@list=\toks15
\extratabsurround=\skip111
\backup@length=\skip112
\ar@cellbox=\box28
)
("C:\Users\felix\AppData\Local\Programs\MiKTeX 2.9\tex/latex/tools\dcolumn.sty"
Package: dcolumn 2014/10/28 v1.06 decimal alignment package (DPC)
)
("C:\Users\felix\AppData\Local\Programs\MiKTeX 2.9\tex/latex/tools\delarray.sty
"
Package: delarray 2014/10/28 v1.01 array delimiter package (DPC)
)
("C:\Users\felix\AppData\Local\Programs\MiKTeX 2.9\tex/latex/tools\tabularx.sty
"
Package: tabularx 2016/02/03 v2.11b `tabularx' package (DPC)
\TX@col@width=\dimen109
\TX@old@table=\dimen110
\TX@old@col=\dimen111
\TX@target=\dimen112
\TX@delta=\dimen113
\TX@cols=\count100
\TX@ftn=\toks16
)
\heavyrulewidth=\dimen114
\lightrulewidth=\dimen115
\cmidrulewidth=\dimen116
\belowrulesep=\dimen117
\belowbottomsep=\dimen118
\aboverulesep=\dimen119
\abovetopsep=\dimen120
\cmidrulesep=\dimen121
\cmidrulekern=\dimen122
\defaultaddspace=\dimen123
\@cmidla=\count101
\@cmidlb=\count102
\@aboverulesep=\dimen124
\@belowrulesep=\dimen125
\@thisruleclass=\count103
\@lastruleclass=\count104
\@thisrulewidth=\dimen126
\ctableftskip=\skip113
\ctabrightskip=\skip114
\abovecolumnspenalty=\count105
\@linestogo=\count106
\@cellstogo=\count107
\@cellsincolumn=\count108
\crtok=\toks17
\@mincolumnwidth=\dimen127
\c@newflo@tctr=\count109
\mem@margin@floatbox=\box29
\@contcwidth=\skip115
\@contindw=\skip116
\abovecaptionskip=\skip117
\belowcaptionskip=\skip118
\subfloattopskip=\skip119
\subfloatcapskip=\skip120
\subfloatcaptopadj=\skip121
\subfloatbottomskip=\skip122
\subfloatlabelskip=\skip123
\subfloatcapmargin=\dimen128
\c@@contsubnum=\count110
\m@mscap@capbox=\box30
\m@mscap@fbox=\box31
\sidecapsep=\dimen129
\sidecapwidth=\dimen130
\m@m@tempdima=\dimen131
\m@mscapraise=\dimen132
\sidecapraise=\dimen133
\m@mscapmainwidth=\dimen134
\m@mscaplkern=\dimen135
\beforeepigraphskip=\skip124
\afterepigraphskip=\skip125
\epigraphwidth=\skip126
\epigraphrule=\skip127
LaTeX Info: Redefining \em on input line 7662.
LaTeX Info: Redefining \emph on input line 7670.
\tocentryskip=\skip128
\tocbaseline=\skip129
\cftparskip=\skip130
\cftbeforebookskip=\skip131
\cftbookindent=\dimen136
\cftbooknumwidth=\dimen137
\cftbeforepartskip=\skip132
\cftpartindent=\skip133
\cftpartnumwidth=\skip134
\cftbeforechapterskip=\skip135
\cftchapterindent=\skip136
\cftchapternumwidth=\skip137
\cftbeforesectionskip=\skip138
\cftsectionindent=\skip139
\cftsectionnumwidth=\skip140
\cftbeforesubsectionskip=\skip141
\cftsubsectionindent=\skip142
\cftsubsectionnumwidth=\skip143
\cftbeforesubsubsectionskip=\skip144
\cftsubsubsectionindent=\skip145
\cftsubsubsectionnumwidth=\skip146
\cftbeforeparagraphskip=\skip147
\cftparagraphindent=\skip148
\cftparagraphnumwidth=\skip149
\cftbeforesubparagraphskip=\skip150
\cftsubparagraphindent=\skip151
\cftsubparagraphnumwidth=\skip152
\prechapterprecisshift=\dimen138
\c@maxsecnumdepth=\count111
\bibindent=\dimen139
\bibitemsep=\skip153
\indexcolsep=\skip154
\indexrule=\skip155
\indexmarkstyle=\toks18
\@indexbox=\insert199
\glossarycolsep=\dimen140
\glossaryrule=\dimen141
\sideparvshift=\skip156
\sideins=\insert198
\sidebartopsep=\skip157
\sidebarhsep=\skip158
\sidebarvsep=\skip159
\sidebarwidth=\skip160
\footmarkwidth=\skip161
\footmarksep=\skip162
\footparindent=\skip163
\footinsdim=\skip164
\footinsv@r=\insert197
\@mpfootinsv@r=\insert196
\m@m@k=\count112
\m@m@h=\dimen142
\m@mipn@skip=\skip165
\sidefootins=\insert195
\sidefootadjust=\skip166
\sidefootheight=\skip167
\sidefoothsep=\skip168
\sidefootvsep=\skip169
\sidefootwidth=\skip170
\m@mdownsf=\skip171
\c@sidefootnote=\count113
\sidefootmarkwidth=\skip172
\sidefootmarksep=\skip173
\sidefootparindent=\skip174
\c@pagenote=\count114
\c@pagenoteshadow=\count115
\mem@pn@lastkern=\skip175
\every@verbatim=\toks19
\afterevery@verbatim=\toks20
\verbatim@line=\toks21
\tab@position=\count116
\verbatim@in@stream=\read1
\verbatimindent=\skip176
\verbatim@out=\write3
\bvboxsep=\skip177
\c@memfbvline=\count117
\c@bvlinectr=\count118
\bvnumlength=\skip178
\fb@frw=\dimen143
\fb@frh=\dimen144
\FrameRule=\dimen145
\FrameSep=\dimen146
\c@cp@cntr=\count119
LaTeX Info: Redefining \: on input line 12187.
LaTeX Info: Redefining \! on input line 12189.
\c@ism@mctr=\count120
\c@xsm@mctr=\count121
\c@csm@mctr=\count122
\c@ksm@mctr=\count123
\c@xksm@mctr=\count124
\c@cksm@mctr=\count125
\c@msm@mctr=\count126
\c@xmsm@mctr=\count127
\c@cmsm@mctr=\count128
\c@bsm@mctr=\count129
\c@workm@mctr=\count130
\c@sheetsequence=\count131
\c@lastsheet=\count132
\c@lastpage=\count133

("C:\Users\felix\AppData\Local\Programs\MiKTeX 2.9\tex/latex/textcase\textcase.
sty"
Package: textcase 2019/09/14 v1.00 Text only upper/lower case changing (DPC)
)
\c@figure=\count134
\c@lofdepth=\count135
\cftbeforefigureskip=\skip179
\cftfigureindent=\skip180
\cftfigurenumwidth=\skip181
\c@table=\count136
\c@lotdepth=\count137
\cftbeforetableskip=\skip182
\cfttableindent=\skip183
\cfttablenumwidth=\skip184
Package abstract [2008/07/23] emulated by memoir.
Package appendix [2008/07/23] emulated by memoir.
Package booktabs [2016/05/16] emulated by memoir.
Package ccaption [2008/07/23] emulated by memoir.
Package changepage [2008/07/23] emulated by memoir.
Package chngcntr [2008/07/23] emulated by memoir.
Package chngpage [2008/07/23] emulated by memoir.
Package crop emulated by memoir.
Package enumerate [2008/07/23] emulated by memoir.
Package epigraph [2008/07/23] emulated by memoir.
Package ifmtarg [2008/07/23] emulated by memoir.
Package index [2008/07/23] emulated by memoir.
Package makeidx [2008/07/23] emulated by memoir.
Package moreverb [2008/07/23] emulated by memoir.
Package mparhack [2008/07/23] emulated by memoir.
Package needspace [2008/07/23] emulated by memoir.
Package newfile [2008/07/23] emulated by memoir.
Package nextpage [2008/07/23] emulated by memoir.
Package pagenote [2008/07/23] emulated by memoir.
Package parskip [2008/07/23] emulated by memoir.
Package patchcmd [2008/07/23] emulated by memoir.
Package setspace [2008/07/23] emulated by memoir.
Package shortvrb [2008/07/23] emulated by memoir.
Package showidx [2008/07/23] emulated by memoir.
Package titleref [2008/07/23] emulated by memoir.
Package titling [2008/07/23] emulated by memoir.
Package tocbibind [2008/07/23] emulated by memoir.
Package tocloft [2008/07/23] emulated by memoir.
Package tocvsec2 [2008/07/23] emulated by memoir.
Package verbatim [2008/07/23] emulated by memoir.
Package verse [2008/07/23] emulated by memoir.
)
("C:\Users\felix\AppData\Local\Programs\MiKTeX 2.9\tex/generic/babel\babel.sty"
Package: babel 2019/11/14 3.36 The Babel package
("C:\Users\felix\AppData\Local\Programs\MiKTeX 2.9\tex/generic/babel\switch.def
"
File: switch.def 2019/11/14 3.36 Babel switching mechanism
)
*************************************
* Local config file bblopts.cfg used
*
("C:\Users\felix\AppData\Local\Programs\MiKTeX 2.9\tex/latex/arabi\bblopts.cfg"
File: bblopts.cfg 2005/09/08 v0.1 add Arabic and Farsi to "declared" options of
 babel
)
("C:\Users\felix\AppData\Local\Programs\MiKTeX 2.9\tex/latex/babel-spanish\span
ish.ldf"
Language: spanish.ldf 2016/03/03 v5.0p Spanish support from the babel system

("C:\Users\felix\AppData\Local\Programs\MiKTeX 2.9\tex/generic/babel\babel.def"
File: babel.def 2019/11/14 3.36 Babel common definitions
\babel@savecnt=\count138
\U@D=\dimen147

("C:\Users\felix\AppData\Local\Programs\MiKTeX 2.9\tex/generic/babel\txtbabel.d
ef")
\bbl@dirlevel=\count139
)
\es@quottoks=\toks22
\es@quotdepth=\count140
Package babel Info: Making " an active character on input line 561.
Package babel Info: Making . an active character on input line 662.
Package babel Info: Making < an active character on input line 707.
Package babel Info: Making > an active character on input line 707.
))
LaTeX Info: Redefining \. on input line 5.
LaTeX Info: Redefining \% on input line 5.

("C:\Users\felix\AppData\Local\Programs\MiKTeX 2.9\tex/latex/base\inputenc.sty"
Package: inputenc 2018/08/11 v1.3c Input encoding file
\inpenc@prehook=\toks23
\inpenc@posthook=\toks24
) ("C:\Users\felix\AppData\Local\Programs\MiKTeX 2.9\tex/latex/base\fontenc.sty
"
Package: fontenc 2018/08/11 v2.0j Standard LaTeX package
 ("C:\Users\felix\AppData\Local\Programs\MiKTeX 2.9\tex/latex/base\t1enc.def"
File: t1enc.def 2018/08/11 v2.0j Standard LaTeX file
LaTeX Font Info:    Redeclaring font encoding T1 on input line 48.
)) ("C:\Users\felix\AppData\Local\Programs\MiKTeX 2.9\tex/latex/lm\lmodern.sty"
Package: lmodern 2009/10/30 v1.6 Latin Modern Fonts
LaTeX Font Info:    Overwriting symbol font `operators' in version `normal'
(Font)                  OT1/cmr/m/n --> OT1/lmr/m/n on input line 22.
LaTeX Font Info:    Overwriting symbol font `letters' in version `normal'
(Font)                  OML/cmm/m/it --> OML/lmm/m/it on input line 23.
LaTeX Font Info:    Overwriting symbol font `symbols' in version `normal'
(Font)                  OMS/cmsy/m/n --> OMS/lmsy/m/n on input line 24.
LaTeX Font Info:    Overwriting symbol font `largesymbols' in version `normal'
(Font)                  OMX/cmex/m/n --> OMX/lmex/m/n on input line 25.
LaTeX Font Info:    Overwriting symbol font `operators' in version `bold'
(Font)                  OT1/cmr/bx/n --> OT1/lmr/bx/n on input line 26.
LaTeX Font Info:    Overwriting symbol font `letters' in version `bold'
(Font)                  OML/cmm/b/it --> OML/lmm/b/it on input line 27.
LaTeX Font Info:    Overwriting symbol font `symbols' in version `bold'
(Font)                  OMS/cmsy/b/n --> OMS/lmsy/b/n on input line 28.
LaTeX Font Info:    Overwriting symbol font `largesymbols' in version `bold'
(Font)                  OMX/cmex/m/n --> OMX/lmex/m/n on input line 29.
LaTeX Font Info:    Overwriting math alphabet `\mathbf' in version `normal'
(Font)                  OT1/cmr/bx/n --> OT1/lmr/bx/n on input line 31.
LaTeX Font Info:    Overwriting math alphabet `\mathsf' in version `normal'
(Font)                  OT1/cmss/m/n --> OT1/lmss/m/n on input line 32.
LaTeX Font Info:    Overwriting math alphabet `\mathit' in version `normal'
(Font)                  OT1/cmr/m/it --> OT1/lmr/m/it on input line 33.
LaTeX Font Info:    Overwriting math alphabet `\mathtt' in version `normal'
(Font)                  OT1/cmtt/m/n --> OT1/lmtt/m/n on input line 34.
LaTeX Font Info:    Overwriting math alphabet `\mathbf' in version `bold'
(Font)                  OT1/cmr/bx/n --> OT1/lmr/bx/n on input line 35.
LaTeX Font Info:    Overwriting math alphabet `\mathsf' in version `bold'
(Font)                  OT1/cmss/bx/n --> OT1/lmss/bx/n on input line 36.
LaTeX Font Info:    Overwriting math alphabet `\mathit' in version `bold'
(Font)                  OT1/cmr/bx/it --> OT1/lmr/bx/it on input line 37.
LaTeX Font Info:    Overwriting math alphabet `\mathtt' in version `bold'
(Font)                  OT1/cmtt/m/n --> OT1/lmtt/m/n on input line 38.
)
("C:\Users\felix\AppData\Local\Programs\MiKTeX 2.9\tex/latex/microtype\microtyp
e.sty"
Package: microtype 2019/11/18 v2.7d Micro-typographical refinements (RS)

("C:\Users\felix\AppData\Local\Programs\MiKTeX 2.9\tex/latex/graphics\keyval.st
y"
Package: keyval 2014/10/28 v1.15 key=value parser (DPC)
\KV@toks@=\toks25
)
\MT@toks=\toks26
\MT@count=\count141
LaTeX Info: Redefining \textls on input line 790.
\MT@outer@kern=\dimen148
LaTeX Info: Redefining \textmicrotypecontext on input line 1354.
\MT@listname@count=\count142

("C:\Users\felix\AppData\Local\Programs\MiKTeX 2.9\tex/latex/microtype\microtyp
e-pdftex.def"
File: microtype-pdftex.def 2019/11/18 v2.7d Definitions specific to pdftex (RS)

LaTeX Info: Redefining \lsstyle on input line 914.
LaTeX Info: Redefining \lslig on input line 914.
\MT@outer@space=\skip185
)
Package microtype Info: Loading configuration file microtype.cfg.

("C:\Users\felix\AppData\Local\Programs\MiKTeX 2.9\tex/latex/microtype\microtyp
e.cfg"
File: microtype.cfg 2019/11/18 v2.7d microtype main configuration file (RS)
))
("C:\Users\felix\AppData\Local\Programs\MiKTeX 2.9\tex/latex/placeins\placeins.
sty"
Package: placeins 2005/04/18  v 2.2
)
("C:\Users\felix\AppData\Local\Programs\MiKTeX 2.9\tex/latex/xcolor\xcolor.sty"
Package: xcolor 2016/05/11 v2.12 LaTeX color extensions (UK)

("C:\Users\felix\AppData\Local\Programs\MiKTeX 2.9\tex/latex/graphics-cfg\color
.cfg"
File: color.cfg 2016/01/02 v1.6 sample color configuration
)
Package xcolor Info: Driver file: pdftex.def on input line 225.

("C:\Users\felix\AppData\Local\Programs\MiKTeX 2.9\tex/latex/graphics-def\pdfte
x.def"
File: pdftex.def 2018/01/08 v1.0l Graphics/color driver for pdftex
)
("C:\Users\felix\AppData\Local\Programs\MiKTeX 2.9\tex/latex/colortbl\colortbl.
sty"
Package: colortbl 2018/12/12 v1.0d Color table columns (DPC)
\everycr=\toks27
\minrowclearance=\skip186
)
\rownum=\count143
Package xcolor Info: Model `cmy' substituted by `cmy0' on input line 1348.
Package xcolor Info: Model `hsb' substituted by `rgb' on input line 1352.
Package xcolor Info: Model `RGB' extended on input line 1364.
Package xcolor Info: Model `HTML' substituted by `rgb' on input line 1366.
Package xcolor Info: Model `Hsb' substituted by `hsb' on input line 1367.
Package xcolor Info: Model `tHsb' substituted by `hsb' on input line 1368.
Package xcolor Info: Model `HSB' substituted by `hsb' on input line 1369.
Package xcolor Info: Model `Gray' substituted by `gray' on input line 1370.
Package xcolor Info: Model `wave' substituted by `hsb' on input line 1371.
)
("C:\Users\felix\AppData\Local\Programs\MiKTeX 2.9\tex/latex/xtab\xtab.sty"
Package: xtab 2011/07/31 v2.3f Extended supertabular package
\c@tracingst=\count144
\PWSTcapht=\dimen149
\ST@wd=\dimen150
\ST@rightskip=\skip187
\ST@leftskip=\skip188
\ST@parfillskip=\skip189
\c@PWSTtable=\count145
\PWSTlastpage=\count146
\PWSTpenultimate=\count147
\PWSTcurpage=\count148
\PWSTtempc=\count149
\PWSTlines=\count150
\PWST@lastht=\dimen151
\PWST@generalht=\dimen152
\PWST@ht=\dimen153
\ST@pageleft=\dimen154
\ST@headht=\dimen155
\ST@tailht=\dimen156
\ST@pagesofar=\dimen157
\ST@pboxht=\dimen158
\ST@lineht=\dimen159
\ST@stretchht=\dimen160
\ST@prevht=\dimen161
\ST@toadd=\dimen162
\ST@dimen=\dimen163
\ST@pbox=\box32
)
("C:\Users\felix\AppData\Local\Programs\MiKTeX 2.9\tex/latex/multirow\multirow.
sty"
Package: multirow 2019/05/31 v2.5 Span multiple rows of a table
\multirow@colwidth=\skip190
\multirow@cntb=\count151
\multirow@dima=\skip191
\bigstrutjot=\dimen164
)
("C:\Users\felix\AppData\Local\Programs\MiKTeX 2.9\tex/latex/hyperref\hyperref.
sty"
Package: hyperref 2019/11/10 v7.00c Hypertext links for LaTeX

("C:\Users\felix\AppData\Local\Programs\MiKTeX 2.9\tex/generic/oberdiek\ltxcmds
.sty"
Package: ltxcmds 2016/05/16 v1.23 LaTeX kernel commands for general use (HO)
)
("C:\Users\felix\AppData\Local\Programs\MiKTeX 2.9\tex/latex/pdftexcmds\pdftexc
mds.sty"
Package: pdftexcmds 2019/11/24 v0.31 Utility functions of pdfTeX for LuaTeX (HO
)

("C:\Users\felix\AppData\Local\Programs\MiKTeX 2.9\tex/generic/oberdiek\infware
rr.sty"
Package: infwarerr 2016/05/16 v1.4 Providing info/warning/error messages (HO)
)
Package pdftexcmds Info: \pdf@primitive is available.
Package pdftexcmds Info: \pdf@ifprimitive is available.
Package pdftexcmds Info: \pdfdraftmode found.
)
("C:\Users\felix\AppData\Local\Programs\MiKTeX 2.9\tex/generic/oberdiek\kvsetke
ys.sty"
Package: kvsetkeys 2016/05/16 v1.17 Key value parser (HO)

("C:\Users\felix\AppData\Local\Programs\MiKTeX 2.9\tex/generic/oberdiek\etexcmd
s.sty"
Package: etexcmds 2016/05/16 v1.6 Avoid name clashes with e-TeX commands (HO)

("C:\Users\felix\AppData\Local\Programs\MiKTeX 2.9\tex/generic/iftex\ifluatex.s
ty"
Package: ifluatex 2019/10/25 v1.5 ifluatex legacy package. Use iftex instead.
)))
("C:\Users\felix\AppData\Local\Programs\MiKTeX 2.9\tex/generic/oberdiek\kvdefin
ekeys.sty"
Package: kvdefinekeys 2016/05/16 v1.4 Define keys (HO)
)
("C:\Users\felix\AppData\Local\Programs\MiKTeX 2.9\tex/generic/oberdiek\pdfesca
pe.sty"
Package: pdfescape 2016/05/16 v1.14 Implements pdfTeX's escape features (HO)
)
("C:\Users\felix\AppData\Local\Programs\MiKTeX 2.9\tex/latex/oberdiek\hycolor.s
ty"
Package: hycolor 2016/05/16 v1.8 Color options for hyperref/bookmark (HO)

("C:\Users\felix\AppData\Local\Programs\MiKTeX 2.9\tex/latex/oberdiek\xcolor-pa
tch.sty"
Package: xcolor-patch 2016/05/16 xcolor patch

("C:\Users\felix\AppData\Local\Programs\MiKTeX 2.9\tex/latex/oberdiek\hopatch.s
ty"
Package: hopatch 2016/05/16 v1.3 Wrapper for package hooks (HO)
)))
("C:\Users\felix\AppData\Local\Programs\MiKTeX 2.9\tex/latex/oberdiek\letltxmac
ro.sty"
Package: letltxmacro 2016/05/16 v1.5 Let assignment for LaTeX macros (HO)
)
("C:\Users\felix\AppData\Local\Programs\MiKTeX 2.9\tex/latex/oberdiek\auxhook.s
ty"
Package: auxhook 2016/05/16 v1.4 Hooks for auxiliary files (HO)
)
("C:\Users\felix\AppData\Local\Programs\MiKTeX 2.9\tex/latex/oberdiek\kvoptions
.sty"
Package: kvoptions 2016/05/16 v3.12 Key value format for package options (HO)
)
\@linkdim=\dimen165
\Hy@linkcounter=\count152
\Hy@pagecounter=\count153

("C:\Users\felix\AppData\Local\Programs\MiKTeX 2.9\tex/latex/hyperref\pd1enc.de
f"
File: pd1enc.def 2019/11/10 v7.00c Hyperref: PDFDocEncoding definition (HO)
Now handling font encoding PD1 ...
... no UTF-8 mapping file for font encoding PD1
)
("C:\Users\felix\AppData\Local\Programs\MiKTeX 2.9\tex/generic/oberdiek\intcalc
.sty"
Package: intcalc 2016/05/16 v1.2 Expandable calculations with integers (HO)
)
\Hy@SavedSpaceFactor=\count154

("C:\Users\felix\AppData\Local\Programs\MiKTeX 2.9\tex/latex/00miktex\hyperref.
cfg"
File: hyperref.cfg 2002/06/06 v1.2 hyperref configuration of TeXLive
)
Package hyperref Info: Option `colorlinks' set `true' on input line 4409.
Package hyperref Info: Hyper figures OFF on input line 4535.
Package hyperref Info: Link nesting OFF on input line 4540.
Package hyperref Info: Hyper index ON on input line 4543.
Package hyperref Info: Plain pages OFF on input line 4550.
Package hyperref Info: Backreferencing OFF on input line 4555.
Package hyperref Info: Implicit mode ON; LaTeX internals redefined.
Package hyperref Info: Bookmarks ON on input line 4788.
\c@Hy@tempcnt=\count155
 ("C:\Users\felix\AppData\Local\Programs\MiKTeX 2.9\tex/latex/url\url.sty"
\Urlmuskip=\muskip10
Package: url 2013/09/16  ver 3.4  Verb mode for urls, etc.
)
LaTeX Info: Redefining \url on input line 5147.
\XeTeXLinkMargin=\dimen166

("C:\Users\felix\AppData\Local\Programs\MiKTeX 2.9\tex/generic/oberdiek\bitset.
sty"
Package: bitset 2016/05/16 v1.2 Handle bit-vector datatype (HO)

("C:\Users\felix\AppData\Local\Programs\MiKTeX 2.9\tex/generic/oberdiek\bigintc
alc.sty"
Package: bigintcalc 2016/05/16 v1.4 Expandable calculations on big integers (HO
)
))
\Fld@menulength=\count156
\Field@Width=\dimen167
\Fld@charsize=\dimen168
Package hyperref Info: Hyper figures OFF on input line 6418.
Package hyperref Info: Link nesting OFF on input line 6423.
Package hyperref Info: Hyper index ON on input line 6426.
Package hyperref Info: backreferencing OFF on input line 6433.
Package hyperref Info: Link coloring ON on input line 6436.
Package hyperref Info: Link coloring with OCG OFF on input line 6443.
Package hyperref Info: PDF/A mode OFF on input line 6448.
LaTeX Info: Redefining \ref on input line 6488.
LaTeX Info: Redefining \pageref on input line 6492.

("C:\Users\felix\AppData\Local\Programs\MiKTeX 2.9\tex/generic/oberdiek\atbegsh
i.sty"
Package: atbegshi 2016/06/09 v1.18 At begin shipout hook (HO)

("C:\Users\felix\AppData\Local\Programs\MiKTeX 2.9\tex/generic/iftex\ifpdf.sty"
Package: ifpdf 2019/10/25 v3.4 ifpdf legacy package. Use iftex instead.
))
\Hy@abspage=\count157
\c@Item=\count158
\c@Hfootnote=\count159
)
("C:\Users\felix\AppData\Local\Programs\MiKTeX 2.9\tex/latex/memoir\memhfixc.st
y"
Package: memhfixc 2019/10/24 v1.18 nameref/hyperref package fixes for memoir cl
ass
\c@memhycontfloat=\count160
\c@Hpagenote=\count161
)
Package hyperref Info: Driver (autodetected): hpdftex.

("C:\Users\felix\AppData\Local\Programs\MiKTeX 2.9\tex/latex/hyperref\hpdftex.d
ef"
File: hpdftex.def 2019/11/10 v7.00c Hyperref driver for pdfTeX

("C:\Users\felix\AppData\Local\Programs\MiKTeX 2.9\tex/latex/oberdiek\atveryend
.sty"
Package: atveryend 2016/05/16 v1.9 Hooks at the very end of document (HO)
Package atveryend Info: \enddocument detected (standard20110627).
)
\Fld@listcount=\count162
\c@bookmark@seq@number=\count163

("C:\Users\felix\AppData\Local\Programs\MiKTeX 2.9\tex/latex/oberdiek\rerunfile
check.sty"
Package: rerunfilecheck 2016/05/16 v1.8 Rerun checks for auxiliary files (HO)

("C:\Users\felix\AppData\Local\Programs\MiKTeX 2.9\tex/generic/oberdiek\uniquec
ounter.sty"
Package: uniquecounter 2016/05/16 v1.3 Provide unlimited unique counter (HO)
)
Package uniquecounter Info: New unique counter `rerunfilecheck' on input line 2
85.
)
\Hy@SectionHShift=\skip192
)
("C:\Users\felix\AppData\Local\Programs\MiKTeX 2.9\tex/latex/amsmath\amsmath.st
y"
Package: amsmath 2019/11/16 v2.17d AMS math features
\@mathmargin=\skip193

For additional information on amsmath, use the `?' option.

("C:\Users\felix\AppData\Local\Programs\MiKTeX 2.9\tex/latex/amsmath\amstext.st
y"
Package: amstext 2000/06/29 v2.01 AMS text

("C:\Users\felix\AppData\Local\Programs\MiKTeX 2.9\tex/latex/amsmath\amsgen.sty
"
File: amsgen.sty 1999/11/30 v2.0 generic functions
\@emptytoks=\toks28
\ex@=\dimen169
))
("C:\Users\felix\AppData\Local\Programs\MiKTeX 2.9\tex/latex/amsmath\amsbsy.sty
"
Package: amsbsy 1999/11/29 v1.2d Bold Symbols
\pmbraise@=\dimen170
)
("C:\Users\felix\AppData\Local\Programs\MiKTeX 2.9\tex/latex/amsmath\amsopn.sty
"
Package: amsopn 2016/03/08 v2.02 operator names
)
\inf@bad=\count164
LaTeX Info: Redefining \frac on input line 227.
\uproot@=\count165
\leftroot@=\count166
LaTeX Info: Redefining \overline on input line 389.
\classnum@=\count167
\DOTSCASE@=\count168
LaTeX Info: Redefining \ldots on input line 486.
LaTeX Info: Redefining \dots on input line 489.
LaTeX Info: Redefining \cdots on input line 610.
\Mathstrutbox@=\box33
\strutbox@=\box34
\big@size=\dimen171
LaTeX Font Info:    Redeclaring font encoding OML on input line 733.
LaTeX Font Info:    Redeclaring font encoding OMS on input line 734.
\macc@depth=\count169
\c@MaxMatrixCols=\count170
\dotsspace@=\muskip11
\c@parentequation=\count171
\dspbrk@lvl=\count172
\tag@help=\toks29
\row@=\count173
\column@=\count174
\maxfields@=\count175
\andhelp@=\toks30
\eqnshift@=\dimen172
\alignsep@=\dimen173
\tagshift@=\dimen174
\tagwidth@=\dimen175
\totwidth@=\dimen176
\lineht@=\dimen177
\@envbody=\toks31
\multlinegap=\skip194
\multlinetaggap=\skip256
\mathdisplay@stack=\toks32
LaTeX Info: Redefining \[ on input line 2858.
LaTeX Info: Redefining \] on input line 2859.
)
("C:\Users\felix\AppData\Local\Programs\MiKTeX 2.9\tex/latex/graphics\graphicx.
sty"
Package: graphicx 2017/06/01 v1.1a Enhanced LaTeX Graphics (DPC,SPQR)

("C:\Users\felix\AppData\Local\Programs\MiKTeX 2.9\tex/latex/graphics\graphics.
sty"
Package: graphics 2019/11/01 v1.3d Standard LaTeX Graphics (DPC,SPQR)

("C:\Users\felix\AppData\Local\Programs\MiKTeX 2.9\tex/latex/graphics\trig.sty"
Package: trig 2016/01/03 v1.10 sin cos tan (DPC)
)
("C:\Users\felix\AppData\Local\Programs\MiKTeX 2.9\tex/latex/graphics-cfg\graph
ics.cfg"
File: graphics.cfg 2016/06/04 v1.11 sample graphics configuration
)
Package graphics Info: Driver file: pdftex.def on input line 105.
)
\Gin@req@height=\dimen178
\Gin@req@width=\dimen179
) (memoria.aux
LaTeX Info: Redefining \. on input line 25.
LaTeX Info: Redefining \% on input line 25.
LaTeX Info: Redefining \. on input line 26.
LaTeX Info: Redefining \% on input line 26.
 (tex/1_Introduccion.aux)
(tex/2_Objetivos_del_proyecto.aux) (tex/3_Conceptos_teoricos.aux)
(tex/4_Tecnicas_y_herramientas.aux)
(tex/5_Aspectos_relevantes_del_desarrollo_del_proyecto.aux)
(tex/6_Trabajos_relacionados.aux)
(tex/7_Conclusiones_Lineas_de_trabajo_futuras.aux))
\openout1 = `memoria.aux'.

LaTeX Font Info:    Checking defaults for OML/cmm/m/it on input line 393.
LaTeX Font Info:    ... okay on input line 393.
LaTeX Font Info:    Checking defaults for T1/cmr/m/n on input line 393.
LaTeX Font Info:    ... okay on input line 393.
LaTeX Font Info:    Checking defaults for OT1/cmr/m/n on input line 393.
LaTeX Font Info:    ... okay on input line 393.
LaTeX Font Info:    Checking defaults for OMS/cmsy/m/n on input line 393.
LaTeX Font Info:    ... okay on input line 393.
LaTeX Font Info:    Checking defaults for OMX/cmex/m/n on input line 393.
LaTeX Font Info:    ... okay on input line 393.
LaTeX Font Info:    Checking defaults for U/cmr/m/n on input line 393.
LaTeX Font Info:    ... okay on input line 393.
LaTeX Font Info:    Checking defaults for PD1/pdf/m/n on input line 393.
LaTeX Font Info:    ... okay on input line 393.
LaTeX Font Info:    Trying to load font information for T1+lmr on input line 39
3.

("C:\Users\felix\AppData\Local\Programs\MiKTeX 2.9\tex/latex/lm\t1lmr.fd"
File: t1lmr.fd 2009/10/30 v1.6 Font defs for Latin Modern
)
LaTeX Info: Redefining \. on input line 393.
LaTeX Info: Redefining \% on input line 393.
LaTeX Info: Redefining \microtypecontext on input line 393.
Package microtype Info: Generating PDF output.
Package microtype Info: Character protrusion enabled (level 2).
Package microtype Info: Using default protrusion set `alltext'.
Package microtype Info: Automatic font expansion enabled (level 2),
(microtype)             stretch: 20, shrink: 20, step: 1, non-selected.
Package microtype Info: Using default expansion set `basictext'.
LaTeX Info: Redefining \showhyphens on input line 393.
Package microtype Info: No adjustment of tracking.
Package microtype Info: No adjustment of interword spacing.
Package microtype Info: No adjustment of character kerning.

("C:\Users\felix\AppData\Local\Programs\MiKTeX 2.9\tex/latex/microtype\mt-cmr.c
fg"
File: mt-cmr.cfg 2013/05/19 v2.2 microtype config. file: Computer Modern Roman 
(RS)
)
("C:\Users\felix\AppData\Local\Programs\MiKTeX 2.9\tex/context/base/mkii\supp-p
df.mkii"
[Loading MPS to PDF converter (version 2006.09.02).]
\scratchcounter=\count176
\scratchdimen=\dimen180
\scratchbox=\box35
\nofMPsegments=\count177
\nofMParguments=\count178
\everyMPshowfont=\toks33
\MPscratchCnt=\count179
\MPscratchDim=\dimen181
\MPnumerator=\count180
\makeMPintoPDFobject=\count181
\everyMPtoPDFconversion=\toks34
)
("C:\Users\felix\AppData\Local\Programs\MiKTeX 2.9\tex/latex/epstopdf-pkg\epsto
pdf-base.sty"
Package: epstopdf-base 2019/11/24 v2.7 Base part for package epstopdf

("C:\Users\felix\AppData\Local\Programs\MiKTeX 2.9\tex/latex/oberdiek\grfext.st
y"
Package: grfext 2016/05/16 v1.2 Manage graphics extensions (HO)
)
Package epstopdf-base Info: Redefining graphics rule for `.eps' on input line 4
42.
Package grfext Info: Graphics extension search list:
(grfext)             [.pdf,.png,.jpg,.mps,.jpeg,.jbig2,.jb2,.PDF,.PNG,.JPG,.JPE
G,.JBIG2,.JB2,.eps]
(grfext)             \AppendGraphicsExtensions on input line 460.
)
\AtBeginShipoutBox=\box36
Package hyperref Info: Link coloring ON on input line 393.

("C:\Users\felix\AppData\Local\Programs\MiKTeX 2.9\tex/latex/hyperref\nameref.s
ty"
Package: nameref 2019/09/16 v2.46 Cross-referencing by name of section

("C:\Users\felix\AppData\Local\Programs\MiKTeX 2.9\tex/latex/oberdiek\refcount.
sty"
Package: refcount 2016/05/16 v3.5 Data extraction from label references (HO)
)
("C:\Users\felix\AppData\Local\Programs\MiKTeX 2.9\tex/generic/oberdiek\gettitl
estring.sty"
Package: gettitlestring 2016/05/16 v1.5 Cleanup title references (HO)
)
\c@section@level=\count182
)
Redoing nameref's sectioning
Redoing nameref's label
LaTeX Info: Redefining \nameref on input line 393.
LaTeX Info: Redefining \ref on input line 393.
LaTeX Info: Redefining \pageref on input line 393.
LaTeX Info: Redefining \nameref on input line 393.
(memoria.out) (memoria.out)
\@outlinefile=\write4
\openout4 = `memoria.out'.

<cabecera.pdf, id=119, 617.67549pt x 135.51413pt>
File: cabecera.pdf Graphic file (type pdf)
<use cabecera.pdf>
Package pdftex.def Info: cabecera.pdf  used on input line 395.
(pdftex.def)             Requested size: 383.0pt x 84.02823pt.
LaTeX Font Info:    Trying to load font information for OT1+lmr on input line 3
95.

("C:\Users\felix\AppData\Local\Programs\MiKTeX 2.9\tex/latex/lm\ot1lmr.fd"
File: ot1lmr.fd 2009/10/30 v1.6 Font defs for Latin Modern
)
LaTeX Font Info:    Trying to load font information for OML+lmm on input line 3
95.

("C:\Users\felix\AppData\Local\Programs\MiKTeX 2.9\tex/latex/lm\omllmm.fd"
File: omllmm.fd 2009/10/30 v1.6 Font defs for Latin Modern
)
LaTeX Font Info:    Trying to load font information for OMS+lmsy on input line 
395.

("C:\Users\felix\AppData\Local\Programs\MiKTeX 2.9\tex/latex/lm\omslmsy.fd"
File: omslmsy.fd 2009/10/30 v1.6 Font defs for Latin Modern
)
LaTeX Font Info:    Trying to load font information for OMX+lmex on input line 
395.

("C:\Users\felix\AppData\Local\Programs\MiKTeX 2.9\tex/latex/lm\omxlmex.fd"
File: omxlmex.fd 2009/10/30 v1.6 Font defs for Latin Modern
)
LaTeX Font Info:    External font `lmex10' loaded for size
(Font)              <12> on input line 395.
LaTeX Font Info:    External font `lmex10' loaded for size
(Font)              <8> on input line 395.
LaTeX Font Info:    External font `lmex10' loaded for size
(Font)              <6> on input line 395.
<escudoInfor.pdf, id=120, 618.11432pt x 737.07487pt>
File: escudoInfor.pdf Graphic file (type pdf)
<use escudoInfor.pdf>
Package pdftex.def Info: escudoInfor.pdf  used on input line 395.
(pdftex.def)             Requested size: 76.59883pt x 91.3356pt.

Overfull \hbox (27.54143pt too wide) in paragraph at lines 395--395
[][][][][][][] $[]$ 
 []

<./img/portada/logo.png, id=121, 150.5625pt x 150.5625pt>
File: ./img/portada/logo.png Graphic file (type png)
<use ./img/portada/logo.png>
Package pdftex.def Info: ./img/portada/logo.png  used on input line 395.
(pdftex.def)             Requested size: 114.90117pt x 114.90652pt.
[1

{C:/Users/felix/AppData/Local/MiKTeX/2.9/pdftex/config/pdftex.map} <./cabecera.
pdf> <./escudoInfor.pdf

pdfTeX warning: pdflatex.exe (file ./escudoInfor.pdf): PDF inclusion: multiple 
pdfs with page group included in a single page
> <./img/portada/logo.png>] [2

]
File: cabecera.pdf Graphic file (type pdf)
<use cabecera.pdf>
Package pdftex.def Info: cabecera.pdf  used on input line 400.
(pdftex.def)             Requested size: 383.0pt x 84.02823pt.
 [3] [4

]
Package microtype Info: Character `029' is missing
(microtype)             in font `T1/lmr/m/sc/12'.
(microtype)             Ignoring protrusion settings for this character.
 [1] [2

]
LaTeX Font Info:    Trying to load font information for T1+lmss on input line 4
85.

("C:\Users\felix\AppData\Local\Programs\MiKTeX 2.9\tex/latex/lm\t1lmss.fd"
File: t1lmss.fd 2009/10/30 v1.6 Font defs for Latin Modern
)
Package microtype Info: Loading generic protrusion settings for font family
(microtype)             `lmss' (encoding: T1).
(microtype)             For optimal results, create family-specific settings.
(microtype)             See the microtype manual for details.

(memoria.toc
LaTeX Info: Redefining \. on input line 1.
LaTeX Info: Redefining \% on input line 1.
LaTeX Info: Redefining \. on input line 2.
LaTeX Info: Redefining \% on input line 2.


LaTeX Font Warning: Font shape `T1/lmr/bx/sc' undefined
(Font)              using `T1/lmr/bx/n' instead on input line 3.


Package spanish Warning: Replacing `T1/lmr/bx/sc' by 
(spanish)                faked small caps on input line 3.


Package spanish Warning: Replacing `T1/lmr/bx/sc' by 
(spanish)                faked small caps on input line 4.

[3

])
LaTeX Info: Redefining \. on input line 486.
LaTeX Info: Redefining \% on input line 486.


Class memoir Warning: The material used in the headers is too large
(15.35403pt) for the given head height (14.5pt), it is recommended to
either increase the head height or redesign the header
(in both cases you will find help in the memoir manual). on input line 486.


Overfull \vbox (0.85403pt too high) has occurred while \output is active []


[4] (memoria.lof
LaTeX Info: Redefining \. on input line 1.
LaTeX Info: Redefining \% on input line 1.
LaTeX Info: Redefining \. on input line 2.
LaTeX Info: Redefining \% on input line 2.
) [5

] [6


]
\openout2 = `./tex/1_Introduccion.aux'.

 (tex/1_Introduccion.texpdfTeX warning (ext4): destination with the same identi
fier (name{page.1}) has been already used, duplicate ignored
<to be read again> 
                   \relax 
l.14 \newpage
              [1


]
LaTeX Info: Redefining \. on input line 42.
LaTeX Info: Redefining \% on input line 42.
pdfTeX warning (ext4): destination with the same identifier (name{page.2}) has 
been already used, duplicate ignored
<to be read again> 
                   \relax 
l.42 	\item \textbf
                   {V√≠deo explicativo}: v√≠deo explicando el funcionamiento...
[2])
LaTeX Info: Redefining \. on input line 494.
LaTeX Info: Redefining \% on input line 494.
pdfTeX warning (ext4): destination with the same identifier (name{page.3}) has 
been already used, duplicate ignored
<to be read again> 
                   \relax 
l.494 \include{./tex/1_Introduccion}
                                     [3]
\openout2 = `./tex/2_Objetivos_del_proyecto.aux'.

 (tex/2_Objetivos_del_proyecto.texpdfTeX warning (ext4): destination with the s
ame identifier (name{page.4}) has been already used, duplicate ignored
<to be read again> 
                   \relax 
l.1 \capitulo{2}{Objetivos del proyecto}
                                         [4



]
<./img/objetivos/portada.png, id=611, 1005.7575pt x 496.85625pt>
File: ./img/objetivos/portada.png Graphic file (type png)
<use ./img/objetivos/portada.png>
Package pdftex.def Info: ./img/objetivos/portada.png  used on input line 15.
(pdftex.def)             Requested size: 344.69766pt x 170.27837pt.


LaTeX Warning: `!h' float specifier changed to `!ht'.

[5])
LaTeX Info: Redefining \. on input line 495.
LaTeX Info: Redefining \% on input line 495.
 [6 <./img/objetivos/portada.png>]
\openout2 = `./tex/3_Conceptos_teoricos.aux'.

 (tex/3_Conceptos_teoricos.tex
<./img/conceptosTeoricos/modelos.png, id=622, 671.50874pt x 402.75468pt>
File: ./img/conceptosTeoricos/modelos.png Graphic file (type png)
<use ./img/conceptosTeoricos/modelos.png>
Package pdftex.def Info: ./img/conceptosTeoricos/modelos.png  used on input lin
e 20.
(pdftex.def)             Requested size: 344.69766pt x 206.74188pt.


LaTeX Warning: `!h' float specifier changed to `!ht'.

[7



]
<./img/conceptosTeoricos/leaflet.png, id=630, 903.375pt x 441.65pt>
File: ./img/conceptosTeoricos/leaflet.png Graphic file (type png)
<use ./img/conceptosTeoricos/leaflet.png>
Package pdftex.def Info: ./img/conceptosTeoricos/leaflet.png  used on input lin
e 31.
(pdftex.def)             Requested size: 344.69766pt x 168.52286pt.


LaTeX Warning: `!h' float specifier changed to `!ht'.

LaTeX Info: Redefining \. on input line 31.
LaTeX Info: Redefining \% on input line 31.
[8 <./img/conceptosTeoricos/modelos.png>]
<./img/conceptosTeoricos/leafletPropio.png, id=640, 603.75563pt x 285.31593pt>
File: ./img/conceptosTeoricos/leafletPropio.png Graphic file (type png)
<use ./img/conceptosTeoricos/leafletPropio.png>
Package pdftex.def Info: ./img/conceptosTeoricos/leafletPropio.png  used on inp
ut line 35.
(pdftex.def)             Requested size: 344.69766pt x 162.89297pt.
LaTeX Info: Redefining \. on input line 36.
LaTeX Info: Redefining \% on input line 36.
 [9 <./img/conceptosTeoricos/leaflet.png (PNG copy)> <./img/conceptosTeoricos/l
eafletPropio.png>])
LaTeX Info: Redefining \. on input line 496.
LaTeX Info: Redefining \% on input line 496.
 [10]
\openout2 = `./tex/4_Tecnicas_y_herramientas.aux'.


(tex/4_Tecnicas_y_herramientas.tex [11



]
<./img/tecnicasYHerramientas/python.png, id=663, 611.75027pt x 206.63113pt>
File: ./img/tecnicasYHerramientas/python.png Graphic file (type png)
<use ./img/tecnicasYHerramientas/python.png>
Package pdftex.def Info: ./img/tecnicasYHerramientas/python.png  used on input 
line 25.
(pdftex.def)             Requested size: 344.69766pt x 116.4315pt.
LaTeX Info: Redefining \. on input line 26.
LaTeX Info: Redefining \% on input line 26.
 [12 <./img/tecnicasYHerramientas/python.png>]
<./img/tecnicasYHerramientas/django.png, id=678, 1204.5pt x 1204.5pt>
File: ./img/tecnicasYHerramientas/django.png Graphic file (type png)
<use ./img/tecnicasYHerramientas/django.png>
Package pdftex.def Info: ./img/tecnicasYHerramientas/django.png  used on input 
line 33.
(pdftex.def)             Requested size: 153.19766pt x 153.19035pt.
LaTeX Info: Redefining \. on input line 43.
LaTeX Info: Redefining \% on input line 43.
 [13 <./img/tecnicasYHerramientas/django.png (PNG copy)>]
<./img/tecnicasYHerramientas/SQLite3.png, id=698, 590.205pt x 390.45876pt>
File: ./img/tecnicasYHerramientas/SQLite3.png Graphic file (type png)
<use ./img/tecnicasYHerramientas/SQLite3.png>
Package pdftex.def Info: ./img/tecnicasYHerramientas/SQLite3.png  used on input
 line 47.
(pdftex.def)             Requested size: 344.69766pt x 228.04507pt.
LaTeX Info: Redefining \. on input line 60.
LaTeX Info: Redefining \% on input line 60.
 [14 <./img/tecnicasYHerramientas/SQLite3.png>]
<./img/tecnicasYHerramientas/atom.png, id=714, 1027.84pt x 1027.84pt>
File: ./img/tecnicasYHerramientas/atom.png Graphic file (type png)
<use ./img/tecnicasYHerramientas/atom.png>
Package pdftex.def Info: ./img/tecnicasYHerramientas/atom.png  used on input li
ne 71.
(pdftex.def)             Requested size: 153.19766pt x 153.19696pt.
LaTeX Info: Redefining \. on input line 72.
LaTeX Info: Redefining \% on input line 72.
 [15 <./img/tecnicasYHerramientas/atom.png>]
<./img/tecnicasYHerramientas/github.png, id=730, 1129.21875pt x 418.56375pt>
File: ./img/tecnicasYHerramientas/github.png Graphic file (type png)
<use ./img/tecnicasYHerramientas/github.png>
Package pdftex.def Info: ./img/tecnicasYHerramientas/github.png  used on input 
line 85.
(pdftex.def)             Requested size: 344.69766pt x 127.76714pt.
LaTeX Info: Redefining \. on input line 86.
LaTeX Info: Redefining \% on input line 86.

[16 <./img/tecnicasYHerramientas/github.png>]
<./img/tecnicasYHerramientas/LaTeX.png, id=747, 696.6025pt x 293.095pt>
File: ./img/tecnicasYHerramientas/LaTeX.png Graphic file (type png)
<use ./img/tecnicasYHerramientas/LaTeX.png>
Package pdftex.def Info: ./img/tecnicasYHerramientas/LaTeX.png  used on input l
ine 100.
(pdftex.def)             Requested size: 153.19766pt x 64.45425pt.
LaTeX Info: Redefining \. on input line 102.
LaTeX Info: Redefining \% on input line 102.
 [17 <./img/tecnicasYHerramientas/LaTeX.png>]
<./img/tecnicasYHerramientas/StarUml.png, id=765, 200.75pt x 200.75pt>
File: ./img/tecnicasYHerramientas/StarUml.png Graphic file (type png)
<use ./img/tecnicasYHerramientas/StarUml.png>
Package pdftex.def Info: ./img/tecnicasYHerramientas/StarUml.png  used on input
 line 113.
(pdftex.def)             Requested size: 153.19766pt x 153.20871pt.
)
LaTeX Info: Redefining \. on input line 497.
LaTeX Info: Redefining \% on input line 497.
 [18 <./img/tecnicasYHerramientas/StarUml.png>]
\openout2 = `./tex/5_Aspectos_relevantes_del_desarrollo_del_proyecto.aux'.


(tex/5_Aspectos_relevantes_del_desarrollo_del_proyecto.tex [19



]
LaTeX Font Info:    Trying to load font information for OMS+lmr on input line 2
7.

("C:\Users\felix\AppData\Local\Programs\MiKTeX 2.9\tex/latex/lm\omslmr.fd"
File: omslmr.fd 2009/10/30 v1.6 Font defs for Latin Modern
)
LaTeX Font Info:    Font shape `OMS/lmr/m/n' in size <12> not available
(Font)              Font shape `OMS/lmsy/m/n' tried instead on input line 27.
LaTeX Info: Redefining \. on input line 43.
LaTeX Info: Redefining \% on input line 43.

[20])
LaTeX Info: Redefining \. on input line 498.
LaTeX Info: Redefining \% on input line 498.
 [21]
\openout2 = `./tex/6_Trabajos_relacionados.aux'.

 (tex/6_Trabajos_relacionados.tex [22



]
<./img/trabajosRelacionados/arbolapp.jpeg, id=822, 1027.84pt x 614.295pt>
File: ./img/trabajosRelacionados/arbolapp.jpeg Graphic file (type jpg)
<use ./img/trabajosRelacionados/arbolapp.jpeg>
Package pdftex.def Info: ./img/trabajosRelacionados/arbolapp.jpeg  used on inpu
t line 9.
(pdftex.def)             Requested size: 344.69766pt x 206.00803pt.
<./img/trabajosRelacionados/observado.png, id=825, 1016.29688pt x 496.85625pt>
File: ./img/trabajosRelacionados/observado.png Graphic file (type png)
<use ./img/trabajosRelacionados/observado.png>
Package pdftex.def Info: ./img/trabajosRelacionados/observado.png  used on inpu
t line 15.
(pdftex.def)             Requested size: 344.69766pt x 168.51949pt.
 [23 <./img/trabajosRelacionados/arbolapp.jpeg>]
<./img/trabajosRelacionados/arbolesMonumentales.png, id=833, 500.62032pt x 491.
58656pt>
File: ./img/trabajosRelacionados/arbolesMonumentales.png Graphic file (type png
)
<use ./img/trabajosRelacionados/arbolesMonumentales.png>
Package pdftex.def Info: ./img/trabajosRelacionados/arbolesMonumentales.png  us
ed on input line 23.
(pdftex.def)             Requested size: 344.69766pt x 338.48999pt.


LaTeX Warning: `!h' float specifier changed to `!ht'.

LaTeX Info: Redefining \. on input line 23.
LaTeX Info: Redefining \% on input line 23.
[24 <./img/trabajosRelacionados/observado.png>]
<./img/trabajosRelacionados/arbolesSingulares.png, id=843, 424.58624pt x 410.28
28pt>
File: ./img/trabajosRelacionados/arbolesSingulares.png Graphic file (type png)
<use ./img/trabajosRelacionados/arbolesSingulares.png>
Package pdftex.def Info: ./img/trabajosRelacionados/arbolesSingulares.png  used
 on input line 28.
(pdftex.def)             Requested size: 344.69766pt x 333.09727pt.


LaTeX Warning: `!h' float specifier changed to `!ht'.

LaTeX Info: Redefining \. on input line 28.
LaTeX Info: Redefining \% on input line 28.

Overfull \vbox (0.85403pt too high) has occurred while \output is active []


[25 <./img/trabajosRelacionados/arbolesMonumentales.png>])
LaTeX Info: Redefining \. on input line 499.
LaTeX Info: Redefining \% on input line 499.
 [26 <./img/trabajosRelacionados/arbolesSingulares.png>]
\openout2 = `./tex/7_Conclusiones_Lineas_de_trabajo_futuras.aux'.


(tex/7_Conclusiones_Lineas_de_trabajo_futuras.tex [27



])
LaTeX Info: Redefining \. on input line 500.
LaTeX Info: Redefining \% on input line 500.
 [28] (memoria.bbl
bibitemlist
LaTeX Font Info:    Trying to load font information for T1+lmtt on input line 7
.
("C:\Users\felix\AppData\Local\Programs\MiKTeX 2.9\tex/latex/lm\t1lmtt.fd"
File: t1lmtt.fd 2009/10/30 v1.6 Font defs for Latin Modern
)
Package microtype Info: Loading generic protrusion settings for font family
(microtype)             `lmtt' (encoding: T1).
(microtype)             For optimal results, create family-specific settings.
(microtype)             See the microtype manual for details.

Underfull \hbox (badness 4981) in paragraph at lines 17--23
[]\T1/lmr/m/n/12 (+20) Andy Ma-lo-ney.  Crea-ting an in-ter-ac-ti-ve map with l
ea-flet
 []


Underfull \hbox (badness 10000) in paragraph at lines 17--23
\T1/lmr/m/n/12 (+20) and opens-treet-map.  [][]$\T1/lmtt/m/n/12 https : / / asm
aloney . com / 2014 / 01 / code /
 []


Overfull \hbox (10.54356pt too wide) in paragraph at lines 17--23
\T1/lmtt/m/n/12 creating-[]an-[]interactive-[]map-[]with-[]leaflet-[]and-[]open
streetmap/$[][]\T1/lmr/m/n/12 (-20) ,
 []


Underfull \hbox (badness 1895) in paragraph at lines 25--30
[]\T1/lmr/m/n/12 (+20) FalconMasters Car-los Ar-tu-ro.  Co-mo ha-cer un sli-des
-how pa-
 []


Underfull \hbox (badness 1152) in paragraph at lines 25--30
\T1/lmr/m/n/12 (+20) ra un si-tio web.  [][]$\T1/lmtt/m/n/12 http : / / www . f
alconmasters . com / tutoriales /
 []


Underfull \hbox (badness 5592) in paragraph at lines 32--38
[]\T1/lmr/m/n/12 (+20) Asfo.  Su-bien-do mi-les y mi-les de ar-chi-vos a git-hu
b f·-
 []


Underfull \hbox (badness 10000) in paragraph at lines 32--38
\T1/lmr/m/n/12 (+20) cil-men-te con git+bash.  [][]$\T1/lmtt/m/n/12 https : / /
 medium . com / @asfo /
 []


Underfull \hbox (badness 10000) in paragraph at lines 32--38
\T1/lmtt/m/n/12 subiendo-[]miles-[]y-[]miles-[]de-[]archivos-[]a-[]github-[]f %
 C3 %
 []


Underfull \hbox (badness 1264) in paragraph at lines 32--38
\T1/lmtt/m/n/12 A1cilmente-[]con-[]git-[]bash-[]e493d4a94fe0$[][]\T1/lmr/m/n/12
 (+20) , Ju-nio 2018.  [On-li-ne;
 []


Underfull \hbox (badness 10000) in paragraph at lines 40--46
[]\T1/lmr/m/n/12 (+20) Azure-Aws-google-Cloud.  Sta-ruml on
 []


Underfull \hbox (badness 10000) in paragraph at lines 40--46
\T1/lmr/m/n/12 (+20) cloud.  [][]$\T1/lmtt/m/n/12 https : / / secureanycloud . 
com /
 []


Overfull \hbox (117.01862pt too wide) in paragraph at lines 40--46
\T1/lmtt/m/n/12 staruml-[]on-[]cloud-[]technical-[]support-[]cloud-[]help-[]azu
re-[]aws-[]opensource-[]cognosys/$[][]\T1/lmr/m/n/12 (-20) ,
 []

[29


]
Underfull \hbox (badness 2027) in paragraph at lines 57--63
[]\T1/lmr/m/n/12 (+20) Cristhian San-ta Cruz.  Cur-so su-per b·-si-co de djan-g
o - pa-
 []


Underfull \hbox (badness 10000) in paragraph at lines 57--63
\T1/lmr/m/n/12 (+20) gi-nas web con pyt-hon.  [][]$\T1/lmtt/m/n/12 https : / / 
www . udemy . com / course /
 []


Underfull \hbox (badness 10000) in paragraph at lines 57--63
\T1/lmtt/m/n/12 curso-[]basico-[]de-[]django-[]paginas-[]web-[]con-[]python / l
earn /
 []


Underfull \hbox (badness 2173) in paragraph at lines 57--63
\T1/lmtt/m/n/12 lecture / 12126220 # overview$[][]\T1/lmr/m/n/12 (+20) , Fe-bre
-ro 2019.  [On-li-ne; ac-ces-sed
 []


Underfull \hbox (badness 10000) in paragraph at lines 65--70
[]\T1/lmr/m/n/12 (+20) Dami·n Amoe-do.  Texs-tu-dio, un en-torno de es-cri-tu-
 []


Underfull \hbox (badness 10000) in paragraph at lines 65--70
\T1/lmr/m/n/12 (+20) ra pa-ra crear do-cu-men-tos la-tex.  [][]$\T1/lmtt/m/n/12
 https : / / ubunlog . com /
 []


Underfull \hbox (badness 1418) in paragraph at lines 65--70
\T1/lmtt/m/n/12 texstudio-[]crear-[]documentos-[]latex/$[][]\T1/lmr/m/n/12 (+20
) , Sep-tiem-bre 2019.  [On-li-
 []


Overfull \hbox (74.2936pt too wide) in paragraph at lines 72--79
\T1/lmtt/m/n/12 editor-[]de-[]texto-[]atom-[]y-[]sincronizacion-[]en-[]la-[]nub
e-[]de-[]su-[]configuracion/$[][]\T1/lmr/m/n/12 (-20) ,
 []


Underfull \hbox (badness 1331) in paragraph at lines 92--98
[]\T1/lmr/m/n/12 (+20) GUILLERMO JU-LI¡N.  CÛ-mo ins-ta-lar y usar la-tex en wi
n-
 []


Underfull \hbox (badness 10000) in paragraph at lines 106--112
\T1/lmtt/m/n/12 detail / word-[]online / fiombgjlkfpkbhfioofeeinbehmajg ? hl = 
es$[][]\T1/lmr/m/n/12 (+20) ,
 []

LaTeX Info: Redefining \. on input line 136.
LaTeX Info: Redefining \% on input line 136.

Overfull \vbox (0.85403pt too high) has occurred while \output is active []


[30]
Underfull \hbox (badness 10000) in paragraph at lines 144--150
[]\T1/lmr/m/n/12 (+20) Kim Pham.  Web map-ping with pyt-hon and lea-
 []


Underfull \hbox (badness 10000) in paragraph at lines 144--150
\T1/lmr/m/n/12 (+20) flet.  [][]$\T1/lmtt/m/n/12 https : / / programminghistori
an . org / en / lessons /
 []


Underfull \hbox (badness 10000) in paragraph at lines 168--174
[]\T1/lmr/m/n/12 (+20) pildorasinformaticas.  Cur-so djan-go.  [][]$\T1/lmtt/m/
n/12 https :
 []


Underfull \hbox (badness 10000) in paragraph at lines 168--174
\T1/lmtt/m/n/12 / / www . youtube . com / watch ? v = 7XO1AzwkPPE & list =
 []


Underfull \hbox (badness 10000) in paragraph at lines 168--174
\T1/lmtt/m/n/12 PLU8oAlHdN5BmfvwxFO7HdPciOCmmYneAB & index = 1$[][]\T1/lmr/m/n/
12 (+20) , Ju-lio 2019.
 []


Underfull \hbox (badness 1057) in paragraph at lines 189--193
[]\T1/lmr/m/n/12 (+20) Source For-ge.  Sta-ruml.  [][]$\T1/lmtt/m/n/12 https : 
/ / sourceforge . net / projects /
 []


Underfull \hbox (badness 3009) in paragraph at lines 201--207
\T1/lmr/m/n/12 (+20) use djan-go.  [][]$\T1/lmtt/m/n/12 https : / / www . caktu
sgroup . com / blog / 2016 / 12 / 14 /
 []


Underfull \hbox (badness 2600) in paragraph at lines 201--207
\T1/lmtt/m/n/12 django-[]boring-[]or-[]why-[]tech-[]startups-[]should-[]use-[]d
jango/$[][]\T1/lmr/m/n/12 (+20) , Di-
 []

LaTeX Info: Redefining \. on input line 214.
LaTeX Info: Redefining \% on input line 214.

Overfull \vbox (0.85403pt too high) has occurred while \output is active []


[31]
Underfull \hbox (badness 1810) in paragraph at lines 216--222
[]\T1/lmr/m/n/12 (+20) Desarrollo web.  El mo-de-lo en cas-ca-da: desa-rro-llo 
se-cuen-cial
 []

LaTeX Info: Redefining \. on input line 295.
LaTeX Info: Redefining \% on input line 295.

Overfull \vbox (0.85403pt too high) has occurred while \output is active []


[32])

Class memoir Warning: The material used in the headers is too large
(15.35403pt) for the given head height (14.5pt), it is recommended to
either increase the head height or redesign the header
(in both cases you will find help in the memoir manual). on input line 506.

LaTeX Info: Redefining \. on input line 506.
LaTeX Info: Redefining \% on input line 506.

Overfull \vbox (0.85403pt too high) has occurred while \output is active []


[33]
\tf@toc=\write5
\openout5 = `memoria.toc'.

\tf@lof=\write6
\openout6 = `memoria.lof'.

Package atveryend Info: Empty hook `BeforeClearDocument' on input line 506.
Package atveryend Info: Empty hook `AfterLastShipout' on input line 506.
 (memoria.aux
LaTeX Info: Redefining \. on input line 25.
LaTeX Info: Redefining \% on input line 25.
LaTeX Info: Redefining \. on input line 26.
LaTeX Info: Redefining \% on input line 26.
 (tex/1_Introduccion.aux) (tex/2_Objetivos_del_proyecto.aux)
(tex/3_Conceptos_teoricos.aux) (tex/4_Tecnicas_y_herramientas.aux)
(tex/5_Aspectos_relevantes_del_desarrollo_del_proyecto.aux)
(tex/6_Trabajos_relacionados.aux)
(tex/7_Conclusiones_Lineas_de_trabajo_futuras.aux))
Package atveryend Info: Executing hook `AtVeryEndDocument' on input line 506.
Package atveryend Info: Executing hook `AtEndAfterFileList' on input line 506.
Package rerunfilecheck Info: File `memoria.out' has not changed.
(rerunfilecheck)             Checksum: E00173A02D0C50CBA8CBC35C55FC61A9;1910.


LaTeX Font Warning: Some font shapes were not available, defaults substituted.

Package atveryend Info: Empty hook `AtVeryVeryEnd' on input line 506.
 ) 
Here is how much of TeX's memory you used:
 13420 strings out of 492484
 205996 string characters out of 3121602
 378597 words of memory out of 3000000
 17198 multiletter control sequences out of 15000+200000
 81022 words of font info for 109 fonts, out of 3000000 for 9000
 1141 hyphenation exceptions out of 8191
 43i,12n,42p,532b,706s stack positions out of 5000i,500n,10000p,200000b,50000s
{C:/Users/felix/AppData/Local/Programs/MiKTeX 2.9/fonts/enc/dvips/lm/lm-ec.en
c}{C:/Users/felix/AppData/Local/Programs/MiKTeX 2.9/fonts/enc/dvips/lm/lm-maths
y.enc}<C:/Users/felix/AppData/Local/Programs/MiKTeX 2.9/fonts/type1/public/lm/l
mbx10.pfb><C:/Users/felix/AppData/Local/Programs/MiKTeX 2.9/fonts/type1/public/
lm/lmbx12.pfb><C:/Users/felix/AppData/Local/Programs/MiKTeX 2.9/fonts/type1/pub
lic/lm/lmbx8.pfb><C:/Users/felix/AppData/Local/Programs/MiKTeX 2.9/fonts/type1/
public/lm/lmcsc10.pfb><C:/Users/felix/AppData/Local/Programs/MiKTeX 2.9/fonts/t
ype1/public/lm/lmr10.pfb><C:/Users/felix/AppData/Local/Programs/MiKTeX 2.9/font
s/type1/public/lm/lmr12.pfb><C:/Users/felix/AppData/Local/Programs/MiKTeX 2.9/f
onts/type1/public/lm/lmr17.pfb><C:/Users/felix/AppData/Local/Programs/MiKTeX 2.
9/fonts/type1/public/lm/lmr8.pfb><C:/Users/felix/AppData/Local/Programs/MiKTeX 
2.9/fonts/type1/public/lm/lmri12.pfb><C:/Users/felix/AppData/Local/Programs/MiK
TeX 2.9/fonts/type1/public/lm/lmro12.pfb><C:/Users/felix/AppData/Local/Programs
/MiKTeX 2.9/fonts/type1/public/lm/lmssbx10.pfb><C:/Users/felix/AppData/Local/Pr
ograms/MiKTeX 2.9/fonts/type1/public/lm/lmsy10.pfb><C:/Users/felix/AppData/Loca
l/Programs/MiKTeX 2.9/fonts/type1/public/lm/lmtt12.pfb>
Output written on memoria.pdf (43 pages, 3220916 bytes).
PDF statistics:
 1054 PDF objects out of 1200 (max. 8388607)
 142 named destinations out of 1000 (max. 500000)
 22851 words of extra memory for PDF output out of 24883 (max. 10000000)

